2023-10-24 08:07:56.908 WARN  com.alibaba.nacos.client.logging.NacosLogging     :64   [32m                  [0;39m Load Logback Configuration of Nacos fail, message: Could not initialize Logback Nacos logging from classpath:nacos-logback.xml
2023-10-24 08:07:56.925 INFO  org.hibernate.validator.internal.util.Version     :21   [32m                  [0;39m HV000001: Hibernate Validator 8.0.0.Final
2023-10-24 08:07:56.962 WARN  com.alibaba.nacos.client.logging.NacosLogging     :64   [32m                  [0;39m Load Logback Configuration of Nacos fail, message: Could not initialize Logback Nacos logging from classpath:nacos-logback.xml
2023-10-24 08:07:56.969 INFO  top.lxyi.share.gateway.config.GatewayApplication  :51   [32m                  [0;39m Starting GatewayApplication using Java 17.0.6 with PID 19064 (E:\2242-wei\share-api\share-gateway\target\classes started by 17161 in E:\2242-wei\share-api)
2023-10-24 08:07:56.971 INFO  top.lxyi.share.gateway.config.GatewayApplication  :630  [32m                  [0;39m No active profile set, falling back to 1 default profile: "default"
2023-10-24 08:07:57.005 INFO  o.s.b.d.env.DevToolsPropertyDefaultsPostProcessor :250  [32m                  [0;39m Devtools property defaults active! Set 'spring.devtools.add-properties' to 'false' to disable
2023-10-24 08:07:57.006 INFO  o.s.b.d.env.DevToolsPropertyDefaultsPostProcessor :250  [32m                  [0;39m For additional web related logging consider setting the 'logging.level.web' property to 'DEBUG'
2023-10-24 08:07:57.492 INFO  o.springframework.cloud.context.scope.GenericScope:282  [32m                  [0;39m BeanFactory id=0b5d99e1-ad8c-307d-89c1-1d91fd8f7508
2023-10-24 08:07:57.530 INFO  o.s.c.s.PostProcessorRegistrationDelegate$BeanPostProcessorChecker:409  [32m                  [0;39m Bean 'org.springframework.cloud.client.loadbalancer.reactive.LoadBalancerBeanPostProcessorAutoConfiguration' of type [org.springframework.cloud.client.loadbalancer.reactive.LoadBalancerBeanPostProcessorAutoConfiguration] is not eligible for getting processed by all BeanPostProcessors (for example: not eligible for auto-proxying)
2023-10-24 08:07:57.530 INFO  o.s.c.s.PostProcessorRegistrationDelegate$BeanPostProcessorChecker:409  [32m                  [0;39m Bean 'org.springframework.cloud.client.loadbalancer.reactive.LoadBalancerBeanPostProcessorAutoConfiguration$ReactorDeferringLoadBalancerFilterConfig' of type [org.springframework.cloud.client.loadbalancer.reactive.LoadBalancerBeanPostProcessorAutoConfiguration$ReactorDeferringLoadBalancerFilterConfig] is not eligible for getting processed by all BeanPostProcessors (for example: not eligible for auto-proxying)
2023-10-24 08:07:57.532 INFO  o.s.c.s.PostProcessorRegistrationDelegate$BeanPostProcessorChecker:409  [32m                  [0;39m Bean 'reactorDeferringLoadBalancerExchangeFilterFunction' of type [org.springframework.cloud.client.loadbalancer.reactive.DeferringLoadBalancerExchangeFilterFunction] is not eligible for getting processed by all BeanPostProcessors (for example: not eligible for auto-proxying)
2023-10-24 08:07:58.861 INFO  o.s.c.gateway.route.RouteDefinitionRouteLocator   :88   [32m                  [0;39m Loaded RoutePredicateFactory [After]
2023-10-24 08:07:58.861 INFO  o.s.c.gateway.route.RouteDefinitionRouteLocator   :88   [32m                  [0;39m Loaded RoutePredicateFactory [Before]
2023-10-24 08:07:58.861 INFO  o.s.c.gateway.route.RouteDefinitionRouteLocator   :88   [32m                  [0;39m Loaded RoutePredicateFactory [Between]
2023-10-24 08:07:58.861 INFO  o.s.c.gateway.route.RouteDefinitionRouteLocator   :88   [32m                  [0;39m Loaded RoutePredicateFactory [Cookie]
2023-10-24 08:07:58.861 INFO  o.s.c.gateway.route.RouteDefinitionRouteLocator   :88   [32m                  [0;39m Loaded RoutePredicateFactory [Header]
2023-10-24 08:07:58.861 INFO  o.s.c.gateway.route.RouteDefinitionRouteLocator   :88   [32m                  [0;39m Loaded RoutePredicateFactory [Host]
2023-10-24 08:07:58.861 INFO  o.s.c.gateway.route.RouteDefinitionRouteLocator   :88   [32m                  [0;39m Loaded RoutePredicateFactory [Method]
2023-10-24 08:07:58.862 INFO  o.s.c.gateway.route.RouteDefinitionRouteLocator   :88   [32m                  [0;39m Loaded RoutePredicateFactory [Path]
2023-10-24 08:07:58.862 INFO  o.s.c.gateway.route.RouteDefinitionRouteLocator   :88   [32m                  [0;39m Loaded RoutePredicateFactory [Query]
2023-10-24 08:07:58.862 INFO  o.s.c.gateway.route.RouteDefinitionRouteLocator   :88   [32m                  [0;39m Loaded RoutePredicateFactory [ReadBody]
2023-10-24 08:07:58.862 INFO  o.s.c.gateway.route.RouteDefinitionRouteLocator   :88   [32m                  [0;39m Loaded RoutePredicateFactory [RemoteAddr]
2023-10-24 08:07:58.862 INFO  o.s.c.gateway.route.RouteDefinitionRouteLocator   :88   [32m                  [0;39m Loaded RoutePredicateFactory [XForwardedRemoteAddr]
2023-10-24 08:07:58.862 INFO  o.s.c.gateway.route.RouteDefinitionRouteLocator   :88   [32m                  [0;39m Loaded RoutePredicateFactory [Weight]
2023-10-24 08:07:58.862 INFO  o.s.c.gateway.route.RouteDefinitionRouteLocator   :88   [32m                  [0;39m Loaded RoutePredicateFactory [CloudFoundryRouteService]
2023-10-24 08:07:58.992 INFO  o.s.b.d.autoconfigure.OptionalLiveReloadServer    :59   [32m                  [0;39m LiveReload server is running on port 35729
2023-10-24 08:07:59.012 WARN  o.s.c.l.c.LoadBalancerCacheAutoConfiguration$LoadBalancerCaffeineWarnLogger:81   [32m                  [0;39m Spring Cloud LoadBalancer is currently working with the default cache. While this cache implementation is useful for development and tests, it's recommended to use Caffeine cache in production.You can switch to using Caffeine cache, by adding it and org.springframework.cache.caffeine.CaffeineCacheManager to the classpath.
2023-10-24 08:07:59.052 WARN  com.alibaba.nacos.client.logging.NacosLogging     :64   [32m                  [0;39m Load Logback Configuration of Nacos fail, message: Could not initialize Logback Nacos logging from classpath:nacos-logback.xml
2023-10-24 08:07:59.052 INFO  com.alibaba.nacos.client.naming                   :62   [32m                  [0;39m initializer namespace from ans.namespace attribute : null
2023-10-24 08:07:59.053 INFO  com.alibaba.nacos.client.naming                   :66   [32m                  [0;39m initializer namespace from ALIBABA_ALIWARE_NAMESPACE attribute :null
2023-10-24 08:07:59.053 INFO  com.alibaba.nacos.client.naming                   :73   [32m                  [0;39m initializer namespace from namespace attribute :null
2023-10-24 08:07:59.077 INFO  com.alibaba.nacos.client.utils.ParamUtil          :87   [32m                  [0;39m [settings] [req-serv] nacos-server port:8848
2023-10-24 08:07:59.078 INFO  com.alibaba.nacos.client.utils.ParamUtil          :98   [32m                  [0;39m [settings] [http-client] connect timeout:1000
2023-10-24 08:07:59.079 INFO  com.alibaba.nacos.client.utils.ParamUtil          :105  [32m                  [0;39m PER_TASK_CONFIG_SIZE: 3000.0
2023-10-24 08:07:59.083 INFO  c.a.n.p.auth.spi.client.ClientAuthPluginManager   :56   [32m                  [0;39m [ClientAuthPluginManager] Load ClientAuthService com.alibaba.nacos.client.auth.impl.NacosClientAuthServiceImpl success.
2023-10-24 08:07:59.083 INFO  c.a.n.p.auth.spi.client.ClientAuthPluginManager   :56   [32m                  [0;39m [ClientAuthPluginManager] Load ClientAuthService com.alibaba.nacos.client.auth.ram.RamClientAuthServiceImpl success.
2023-10-24 08:07:59.086 INFO  c.a.n.client.auth.ram.identify.CredentialWatcher  :165  [32m                  [0;39m null No credential found
2023-10-24 08:07:59.093 INFO  com.alibaba.nacos.common.remote.client            :108  [32m                  [0;39m [RpcClientFactory] create a new rpc client of bc3404ee-e74d-4141-8e1e-c4fab9e1959c
2023-10-24 08:07:59.104 INFO  com.alibaba.nacos.common.remote.client            :63   [32m                  [0;39m [bc3404ee-e74d-4141-8e1e-c4fab9e1959c] RpcClient init, ServerListFactory = com.alibaba.nacos.client.naming.core.ServerListManager
2023-10-24 08:07:59.104 INFO  com.alibaba.nacos.common.remote.client            :63   [32m                  [0;39m [bc3404ee-e74d-4141-8e1e-c4fab9e1959c] Registry connection listener to current client:com.alibaba.nacos.client.naming.remote.gprc.redo.NamingGrpcRedoService
2023-10-24 08:07:59.105 INFO  com.alibaba.nacos.common.remote.client            :63   [32m                  [0;39m [bc3404ee-e74d-4141-8e1e-c4fab9e1959c] Register server push request handler:com.alibaba.nacos.client.naming.remote.gprc.NamingPushRequestHandler
2023-10-24 08:07:59.106 INFO  com.alibaba.nacos.common.remote.client            :63   [32m                  [0;39m [bc3404ee-e74d-4141-8e1e-c4fab9e1959c] Try to connect to server on start up, server: {serverIp = 'localhost', server main port = 8848}
2023-10-24 08:07:59.131 INFO  c.a.nacos.common.remote.client.grpc.GrpcClient    :182  [32m                  [0;39m grpc client connection server:localhost ip,serverPort:9848,grpcTslConfig:{"sslProvider":"OPENSSL","enableTls":false,"mutualAuthEnable":false,"trustAll":false}
2023-10-24 08:08:00.017 INFO  com.alibaba.nacos.common.remote.client            :63   [32m                  [0;39m [bc3404ee-e74d-4141-8e1e-c4fab9e1959c] Success to connect to server [localhost:8848] on start up, connectionId = 1698106079853_127.0.0.1_49985
2023-10-24 08:08:00.019 INFO  com.alibaba.nacos.common.remote.client            :63   [32m                  [0;39m [bc3404ee-e74d-4141-8e1e-c4fab9e1959c] Notify connected event to listeners.
2023-10-24 08:08:00.019 INFO  com.alibaba.nacos.client.naming                   :78   [32m                  [0;39m Grpc connection connect
2023-10-24 08:08:00.019 INFO  com.alibaba.nacos.common.remote.client            :63   [32m                  [0;39m [bc3404ee-e74d-4141-8e1e-c4fab9e1959c] Register server push request handler:com.alibaba.nacos.common.remote.client.RpcClient$ConnectResetRequestHandler
2023-10-24 08:08:00.020 INFO  com.alibaba.nacos.common.remote.client            :63   [32m                  [0;39m [bc3404ee-e74d-4141-8e1e-c4fab9e1959c] Register server push request handler:com.alibaba.nacos.common.remote.client.RpcClient$$Lambda$944/0x00000008012c0228
2023-10-24 08:08:00.021 INFO  com.alibaba.nacos.client.naming                   :167  [32m                  [0;39m [SUBSCRIBE-SERVICE] service:gateway-service, group:myGroup, clusters:DEFAULT 
2023-10-24 08:08:00.043 INFO  com.alibaba.nacos.client.naming                   :184  [32m                  [0;39m init new ips(0) service: myGroup@@gateway-service@@DEFAULT -> []
2023-10-24 08:08:00.054 INFO  com.alibaba.nacos.client.naming                   :169  [32m                  [0;39m current ips:(0) service: myGroup@@gateway-service@@DEFAULT -> []
2023-10-24 08:08:00.228 INFO  o.s.boot.web.embedded.netty.NettyWebServer        :111  [32m                  [0;39m Netty started on port 8000
2023-10-24 08:08:00.601 INFO  com.alibaba.nacos.common.remote.client            :63   [32m                  [0;39m [bc3404ee-e74d-4141-8e1e-c4fab9e1959c] Receive server push request, request = NotifySubscriberRequest, requestId = 3
2023-10-24 08:08:00.602 INFO  com.alibaba.nacos.common.remote.client            :63   [32m                  [0;39m [bc3404ee-e74d-4141-8e1e-c4fab9e1959c] Ack server push request, request = NotifySubscriberRequest, requestId = 3
2023-10-24 08:08:00.721 INFO  com.alibaba.nacos.client.naming                   :121  [32m                  [0;39m [REGISTER-SERVICE] dev registering service gateway-service with instance Instance{instanceId='null', ip='10.22.242.102', port=8000, weight=1.0, healthy=true, enabled=true, ephemeral=true, clusterName='DEFAULT', serviceName='null', metadata={preserved.heart.beat.timeout=15000, preserved.register.source=SPRING_CLOUD, IPv6=null, myData=abc, preserved.heart.beat.interval=5000}}
2023-10-24 08:08:00.730 INFO  c.a.cloud.nacos.registry.NacosServiceRegistry     :76   [32m                  [0;39m nacos registry, myGroup gateway-service 10.22.242.102:8000 register finished
2023-10-24 08:08:00.768 INFO  com.alibaba.nacos.client.naming                   :167  [32m                  [0;39m [SUBSCRIBE-SERVICE] service:user-service, group:myGroup, clusters: 
2023-10-24 08:08:00.768 INFO  com.alibaba.nacos.client.naming                   :167  [32m                  [0;39m [SUBSCRIBE-SERVICE] service:user-service, group:myGroup, clusters: 
2023-10-24 08:08:00.768 INFO  com.alibaba.nacos.client.naming                   :167  [32m                  [0;39m [SUBSCRIBE-SERVICE] service:content-service, group:myGroup, clusters: 
2023-10-24 08:08:00.769 INFO  com.alibaba.nacos.client.naming                   :167  [32m                  [0;39m [SUBSCRIBE-SERVICE] service:content-service, group:myGroup, clusters: 
2023-10-24 08:08:00.769 INFO  com.alibaba.nacos.client.naming                   :167  [32m                  [0;39m [SUBSCRIBE-SERVICE] service:gateway-service, group:myGroup, clusters: 
2023-10-24 08:08:00.769 INFO  com.alibaba.nacos.client.naming                   :167  [32m                  [0;39m [SUBSCRIBE-SERVICE] service:gateway-service, group:myGroup, clusters: 
2023-10-24 08:08:00.779 INFO  com.alibaba.nacos.client.naming                   :184  [32m                  [0;39m init new ips(1) service: myGroup@@content-service -> [{"ip":"10.22.242.102","port":8002,"weight":1.0,"healthy":true,"enabled":true,"ephemeral":true,"clusterName":"DEFAULT","serviceName":"myGroup@@content-service","metadata":{"preserved.heart.beat.timeout":"15000","preserved.register.source":"SPRING_CLOUD","myData":"abc","preserved.heart.beat.interval":"5000"},"ipDeleteTimeout":30000,"instanceHeartBeatInterval":5000,"instanceHeartBeatTimeOut":15000}]
2023-10-24 08:08:00.779 INFO  com.alibaba.nacos.client.naming                   :184  [32m                  [0;39m init new ips(1) service: myGroup@@user-service -> [{"ip":"10.22.242.102","port":8001,"weight":1.0,"healthy":true,"enabled":true,"ephemeral":true,"clusterName":"DEFAULT","serviceName":"myGroup@@user-service","metadata":{"preserved.heart.beat.timeout":"15000","preserved.register.source":"SPRING_CLOUD","myData":"abc","preserved.heart.beat.interval":"5000"},"ipDeleteTimeout":30000,"instanceHeartBeatInterval":5000,"instanceHeartBeatTimeOut":15000}]
2023-10-24 08:08:00.779 INFO  com.alibaba.nacos.client.naming                   :184  [32m                  [0;39m init new ips(1) service: myGroup@@gateway-service -> [{"ip":"10.22.242.102","port":8000,"weight":1.0,"healthy":true,"enabled":true,"ephemeral":true,"clusterName":"DEFAULT","serviceName":"myGroup@@gateway-service","metadata":{"preserved.heart.beat.timeout":"15000","preserved.register.source":"SPRING_CLOUD","myData":"abc","preserved.heart.beat.interval":"5000"},"ipDeleteTimeout":30000,"instanceHeartBeatInterval":5000,"instanceHeartBeatTimeOut":15000}]
2023-10-24 08:08:00.779 INFO  com.alibaba.nacos.client.naming                   :169  [32m                  [0;39m current ips:(1) service: myGroup@@content-service -> [{"ip":"10.22.242.102","port":8002,"weight":1.0,"healthy":true,"enabled":true,"ephemeral":true,"clusterName":"DEFAULT","serviceName":"myGroup@@content-service","metadata":{"preserved.heart.beat.timeout":"15000","preserved.register.source":"SPRING_CLOUD","myData":"abc","preserved.heart.beat.interval":"5000"},"ipDeleteTimeout":30000,"instanceHeartBeatInterval":5000,"instanceHeartBeatTimeOut":15000}]
2023-10-24 08:08:00.780 INFO  com.alibaba.nacos.client.naming                   :169  [32m                  [0;39m current ips:(1) service: myGroup@@user-service -> [{"ip":"10.22.242.102","port":8001,"weight":1.0,"healthy":true,"enabled":true,"ephemeral":true,"clusterName":"DEFAULT","serviceName":"myGroup@@user-service","metadata":{"preserved.heart.beat.timeout":"15000","preserved.register.source":"SPRING_CLOUD","myData":"abc","preserved.heart.beat.interval":"5000"},"ipDeleteTimeout":30000,"instanceHeartBeatInterval":5000,"instanceHeartBeatTimeOut":15000}]
2023-10-24 08:08:00.780 INFO  com.alibaba.nacos.client.naming                   :169  [32m                  [0;39m current ips:(1) service: myGroup@@gateway-service -> [{"ip":"10.22.242.102","port":8000,"weight":1.0,"healthy":true,"enabled":true,"ephemeral":true,"clusterName":"DEFAULT","serviceName":"myGroup@@gateway-service","metadata":{"preserved.heart.beat.timeout":"15000","preserved.register.source":"SPRING_CLOUD","myData":"abc","preserved.heart.beat.interval":"5000"},"ipDeleteTimeout":30000,"instanceHeartBeatInterval":5000,"instanceHeartBeatTimeOut":15000}]
2023-10-24 08:08:00.810 INFO  c.a.c.n.discovery.NacosDiscoveryHeartBeatPublisher:66   [32m                  [0;39m Start nacos heartBeat task scheduler.
2023-10-24 08:08:00.822 INFO  top.lxyi.share.gateway.config.GatewayApplication  :57   [32m                  [0;39m Started GatewayApplication in 4.55 seconds (process running for 5.025)
2023-10-24 08:08:00.827 INFO  top.lxyi.share.gateway.config.GatewayApplication  :16   [32m                  [0;39m ç½‘å…³å¯åŠ¨æˆåŠŸï¼ï¼
2023-10-24 08:08:00.828 INFO  top.lxyi.share.gateway.config.GatewayApplication  :17   [32m                  [0;39m ç½‘å…³åœ°å€ï¼šhttp://127.0.0.1:8000
2023-10-24 08:08:01.251 INFO  com.alibaba.nacos.common.remote.client            :63   [32m                  [0;39m [bc3404ee-e74d-4141-8e1e-c4fab9e1959c] Receive server push request, request = NotifySubscriberRequest, requestId = 4
2023-10-24 08:08:01.251 INFO  com.alibaba.nacos.common.remote.client            :63   [32m                  [0;39m [bc3404ee-e74d-4141-8e1e-c4fab9e1959c] Ack server push request, request = NotifySubscriberRequest, requestId = 4
2023-10-24 08:08:01.359 INFO  com.alibaba.nacos.common.remote.client            :63   [32m                  [0;39m [bc3404ee-e74d-4141-8e1e-c4fab9e1959c] Receive server push request, request = NotifySubscriberRequest, requestId = 5
2023-10-24 08:08:01.359 INFO  com.alibaba.nacos.common.remote.client            :63   [32m                  [0;39m [bc3404ee-e74d-4141-8e1e-c4fab9e1959c] Ack server push request, request = NotifySubscriberRequest, requestId = 5
2023-10-24 08:08:01.362 INFO  com.alibaba.nacos.common.remote.client            :63   [32m                  [0;39m [bc3404ee-e74d-4141-8e1e-c4fab9e1959c] Receive server push request, request = NotifySubscriberRequest, requestId = 6
2023-10-24 08:08:01.364 INFO  com.alibaba.nacos.common.remote.client            :63   [32m                  [0;39m [bc3404ee-e74d-4141-8e1e-c4fab9e1959c] Ack server push request, request = NotifySubscriberRequest, requestId = 6
2023-10-24 08:10:39.508 INFO  top.lxyi.share.gateway.config.LoginUserFilter     :29   [32m                  [0;39m ä¸éœ€è¦ç™»å½•éªŒè¯ï¼š/user-service/user/login
2023-10-24 08:10:40.603 INFO  top.lxyi.share.gateway.config.LoginUserFilter     :29   [32m                  [0;39m ä¸éœ€è¦ç™»å½•éªŒè¯ï¼š/content-service/share/list
2023-10-24 08:10:51.813 INFO  top.lxyi.share.gateway.config.LoginUserFilter     :32   [32m                  [0;39m éœ€è¦ç™»å½•éªŒè¯ï¼š/content-service/share/exchanges/1
2023-10-24 08:10:51.814 INFO  top.lxyi.share.gateway.config.LoginUserFilter     :36   [32m                  [0;39m ä¼šå‘˜ç™»å½•éªŒè¯å¼€å§‹ï¼Œtoken:eyJ0eXAiOiJKV1QiLCJhbGciOiJIUzI1NiJ9.eyJuYmYiOjE2OTgxMDYyNDAsInBob25lIjoiMTM5NTE5MDUxNzEiLCJpZCI6MSwiZXhwIjoxNjk4Mjc5MDQwLCJpYXQiOjE2OTgxMDYyNDB9.fqpPlBj_F6ad_d-2t7er381tBukl2PQsDrCFBUFklMI
2023-10-24 08:10:52.511 INFO  top.lxyi.share.gateway.util.JwtUtil               :51   [32m                  [0;39m JWT token æ ¡éªŒç»“æžœï¼štrue
2023-10-24 08:10:52.511 INFO  top.lxyi.share.gateway.config.LoginUserFilter     :45   [32m                  [0;39m tokenæœ‰æ•ˆï¼Œæ”¾è¡Œè¯¥è¯·æ±‚
2023-10-24 08:10:54.247 INFO  top.lxyi.share.gateway.config.LoginUserFilter     :32   [32m                  [0;39m éœ€è¦ç™»å½•éªŒè¯ï¼š/user-service/user/logs/1/1/20
2023-10-24 08:10:54.248 INFO  top.lxyi.share.gateway.config.LoginUserFilter     :36   [32m                  [0;39m ä¼šå‘˜ç™»å½•éªŒè¯å¼€å§‹ï¼Œtoken:eyJ0eXAiOiJKV1QiLCJhbGciOiJIUzI1NiJ9.eyJuYmYiOjE2OTgxMDYyNDAsInBob25lIjoiMTM5NTE5MDUxNzEiLCJpZCI6MSwiZXhwIjoxNjk4Mjc5MDQwLCJpYXQiOjE2OTgxMDYyNDB9.fqpPlBj_F6ad_d-2t7er381tBukl2PQsDrCFBUFklMI
2023-10-24 08:10:54.249 INFO  top.lxyi.share.gateway.util.JwtUtil               :51   [32m                  [0;39m JWT token æ ¡éªŒç»“æžœï¼štrue
2023-10-24 08:10:54.249 INFO  top.lxyi.share.gateway.config.LoginUserFilter     :45   [32m                  [0;39m tokenæœ‰æ•ˆï¼Œæ”¾è¡Œè¯¥è¯·æ±‚
2023-10-24 08:11:20.022 INFO  top.lxyi.share.gateway.config.LoginUserFilter     :29   [32m                  [0;39m ä¸éœ€è¦ç™»å½•éªŒè¯ï¼š/content-service/share/list
2023-10-24 08:11:31.600 INFO  top.lxyi.share.gateway.config.LoginUserFilter     :29   [32m                  [0;39m ä¸éœ€è¦ç™»å½•éªŒè¯ï¼š/user-service/user/login
2023-10-24 08:11:31.709 INFO  top.lxyi.share.gateway.config.LoginUserFilter     :29   [32m                  [0;39m ä¸éœ€è¦ç™»å½•éªŒè¯ï¼š/content-service/share/list
2023-10-24 08:11:35.338 INFO  top.lxyi.share.gateway.config.LoginUserFilter     :32   [32m                  [0;39m éœ€è¦ç™»å½•éªŒè¯ï¼š/content-service/share/exchanges/1
2023-10-24 08:11:35.339 INFO  top.lxyi.share.gateway.config.LoginUserFilter     :36   [32m                  [0;39m ä¼šå‘˜ç™»å½•éªŒè¯å¼€å§‹ï¼Œtoken:eyJ0eXAiOiJKV1QiLCJhbGciOiJIUzI1NiJ9.eyJuYmYiOjE2OTgxMDYyOTEsInBob25lIjoiMTM5NTE5MDUxNzIiLCJpZCI6MiwiZXhwIjoxNjk4Mjc5MDkxLCJpYXQiOjE2OTgxMDYyOTF9.D95qrM_YW4LiNuemlJJeSOhNmCqsUUlJRN7qf-pZR1Y
2023-10-24 08:11:35.343 INFO  top.lxyi.share.gateway.util.JwtUtil               :51   [32m                  [0;39m JWT token æ ¡éªŒç»“æžœï¼štrue
2023-10-24 08:11:35.344 INFO  top.lxyi.share.gateway.config.LoginUserFilter     :45   [32m                  [0;39m tokenæœ‰æ•ˆï¼Œæ”¾è¡Œè¯¥è¯·æ±‚
2023-10-24 08:11:37.712 INFO  top.lxyi.share.gateway.config.LoginUserFilter     :32   [32m                  [0;39m éœ€è¦ç™»å½•éªŒè¯ï¼š/content-service/share/my-contribute
2023-10-24 08:11:37.714 INFO  top.lxyi.share.gateway.config.LoginUserFilter     :36   [32m                  [0;39m ä¼šå‘˜ç™»å½•éªŒè¯å¼€å§‹ï¼Œtoken:eyJ0eXAiOiJKV1QiLCJhbGciOiJIUzI1NiJ9.eyJuYmYiOjE2OTgxMDYyOTEsInBob25lIjoiMTM5NTE5MDUxNzIiLCJpZCI6MiwiZXhwIjoxNjk4Mjc5MDkxLCJpYXQiOjE2OTgxMDYyOTF9.D95qrM_YW4LiNuemlJJeSOhNmCqsUUlJRN7qf-pZR1Y
2023-10-24 08:11:37.714 INFO  top.lxyi.share.gateway.util.JwtUtil               :51   [32m                  [0;39m JWT token æ ¡éªŒç»“æžœï¼štrue
2023-10-24 08:11:37.715 INFO  top.lxyi.share.gateway.config.LoginUserFilter     :45   [32m                  [0;39m tokenæœ‰æ•ˆï¼Œæ”¾è¡Œè¯¥è¯·æ±‚
2023-10-24 08:11:45.971 INFO  top.lxyi.share.gateway.config.LoginUserFilter     :29   [32m                  [0;39m ä¸éœ€è¦ç™»å½•éªŒè¯ï¼š/user-service/user/login
2023-10-24 08:11:46.101 INFO  top.lxyi.share.gateway.config.LoginUserFilter     :29   [32m                  [0;39m ä¸éœ€è¦ç™»å½•éªŒè¯ï¼š/content-service/share/list
2023-10-24 08:14:42.444 INFO  top.lxyi.share.gateway.config.LoginUserFilter     :29   [32m                  [0;39m ä¸éœ€è¦ç™»å½•éªŒè¯ï¼š/user-service/user/login
2023-10-24 08:14:47.940 INFO  top.lxyi.share.gateway.config.LoginUserFilter     :29   [32m                  [0;39m ä¸éœ€è¦ç™»å½•éªŒè¯ï¼š/user-service/user/login
2023-10-24 08:21:17.780 INFO  top.lxyi.share.gateway.config.LoginUserFilter     :29   [32m                  [0;39m ä¸éœ€è¦ç™»å½•éªŒè¯ï¼š/user-service/user/login
2023-10-24 08:23:46.652 INFO  top.lxyi.share.gateway.config.LoginUserFilter     :29   [32m                  [0;39m ä¸éœ€è¦ç™»å½•éªŒè¯ï¼š/user-service/user/login
2023-10-24 08:23:51.264 INFO  top.lxyi.share.gateway.config.LoginUserFilter     :32   [32m                  [0;39m éœ€è¦ç™»å½•éªŒè¯ï¼š/content-service/share/my-contribute
2023-10-24 08:23:51.264 INFO  top.lxyi.share.gateway.config.LoginUserFilter     :36   [32m                  [0;39m ä¼šå‘˜ç™»å½•éªŒè¯å¼€å§‹ï¼Œtoken:null
2023-10-24 08:23:51.265 INFO  top.lxyi.share.gateway.config.LoginUserFilter     :38   [32m                  [0;39m tokenä¸ºç©ºï¼Œè¯·æ±‚è¢«æ‹¦æˆª
2023-10-24 08:24:01.341 INFO  top.lxyi.share.gateway.config.LoginUserFilter     :29   [32m                  [0;39m ä¸éœ€è¦ç™»å½•éªŒè¯ï¼š/user-service/user/login
2023-10-24 08:24:06.428 INFO  top.lxyi.share.gateway.config.LoginUserFilter     :32   [32m                  [0;39m éœ€è¦ç™»å½•éªŒè¯ï¼š/content-service/share/my-contribute
2023-10-24 08:24:06.429 INFO  top.lxyi.share.gateway.config.LoginUserFilter     :36   [32m                  [0;39m ä¼šå‘˜ç™»å½•éªŒè¯å¼€å§‹ï¼Œtoken:null
2023-10-24 08:24:06.429 INFO  top.lxyi.share.gateway.config.LoginUserFilter     :38   [32m                  [0;39m tokenä¸ºç©ºï¼Œè¯·æ±‚è¢«æ‹¦æˆª
2023-10-24 08:25:19.459 INFO  top.lxyi.share.gateway.config.LoginUserFilter     :32   [32m                  [0;39m éœ€è¦ç™»å½•éªŒè¯ï¼š/content-service/share/my-contribute
2023-10-24 08:25:19.459 INFO  top.lxyi.share.gateway.config.LoginUserFilter     :36   [32m                  [0;39m ä¼šå‘˜ç™»å½•éªŒè¯å¼€å§‹ï¼Œtoken:null
2023-10-24 08:25:19.460 INFO  top.lxyi.share.gateway.config.LoginUserFilter     :38   [32m                  [0;39m tokenä¸ºç©ºï¼Œè¯·æ±‚è¢«æ‹¦æˆª
2023-10-24 08:25:40.540 INFO  top.lxyi.share.gateway.config.LoginUserFilter     :29   [32m                  [0;39m ä¸éœ€è¦ç™»å½•éªŒè¯ï¼š/user-service/user/login
2023-10-24 08:25:43.086 INFO  top.lxyi.share.gateway.config.LoginUserFilter     :29   [32m                  [0;39m ä¸éœ€è¦ç™»å½•éªŒè¯ï¼š/user-service/user/login
2023-10-24 08:25:52.311 INFO  top.lxyi.share.gateway.config.LoginUserFilter     :29   [32m                  [0;39m ä¸éœ€è¦ç™»å½•éªŒè¯ï¼š/user-service/user/login
2023-10-24 08:54:14.732 INFO  top.lxyi.share.gateway.config.LoginUserFilter     :29   [32m                  [0;39m ä¸éœ€è¦ç™»å½•éªŒè¯ï¼š/user-service/user/login
2023-10-24 08:54:15.021 INFO  top.lxyi.share.gateway.config.LoginUserFilter     :29   [32m                  [0;39m ä¸éœ€è¦ç™»å½•éªŒè¯ï¼š/content-service/share/list
2023-10-24 08:54:33.183 INFO  top.lxyi.share.gateway.config.LoginUserFilter     :29   [32m                  [0;39m ä¸éœ€è¦ç™»å½•éªŒè¯ï¼š/user-service/user/login
2023-10-24 08:54:33.316 INFO  top.lxyi.share.gateway.config.LoginUserFilter     :29   [32m                  [0;39m ä¸éœ€è¦ç™»å½•éªŒè¯ï¼š/content-service/share/list
2023-10-24 08:54:44.671 INFO  top.lxyi.share.gateway.config.LoginUserFilter     :29   [32m                  [0;39m ä¸éœ€è¦ç™»å½•éªŒè¯ï¼š/user-service/user/login
2023-10-24 08:54:44.781 INFO  top.lxyi.share.gateway.config.LoginUserFilter     :29   [32m                  [0;39m ä¸éœ€è¦ç™»å½•éªŒè¯ï¼š/content-service/share/list
2023-10-24 08:54:47.688 INFO  top.lxyi.share.gateway.config.LoginUserFilter     :32   [32m                  [0;39m éœ€è¦ç™»å½•éªŒè¯ï¼š/content-service/share/my-exchange
2023-10-24 08:54:47.689 INFO  top.lxyi.share.gateway.config.LoginUserFilter     :36   [32m                  [0;39m ä¼šå‘˜ç™»å½•éªŒè¯å¼€å§‹ï¼Œtoken:eyJ0eXAiOiJKV1QiLCJhbGciOiJIUzI1NiJ9.eyJuYmYiOjE2OTgxMDg4ODQsInBob25lIjoiMTM5NTE5MDUxNzEiLCJpZCI6MSwiZXhwIjoxNjk4MjgxNjg0LCJpYXQiOjE2OTgxMDg4ODR9.1W4lhWDegJzCxlPqomxyQqoJUQ--ftZJhLBcsMC1fXs
2023-10-24 08:54:47.697 INFO  top.lxyi.share.gateway.util.JwtUtil               :51   [32m                  [0;39m JWT token æ ¡éªŒç»“æžœï¼štrue
2023-10-24 08:54:47.698 INFO  top.lxyi.share.gateway.config.LoginUserFilter     :45   [32m                  [0;39m tokenæœ‰æ•ˆï¼Œæ”¾è¡Œè¯¥è¯·æ±‚
2023-10-24 08:56:00.847 INFO  top.lxyi.share.gateway.config.LoginUserFilter     :29   [32m                  [0;39m ä¸éœ€è¦ç™»å½•éªŒè¯ï¼š/content-service/share/list
2023-10-24 09:04:45.577 INFO  top.lxyi.share.gateway.config.LoginUserFilter     :29   [32m                  [0;39m ä¸éœ€è¦ç™»å½•éªŒè¯ï¼š/user-service/user/login
2023-10-24 09:04:45.821 INFO  top.lxyi.share.gateway.config.LoginUserFilter     :29   [32m                  [0;39m ä¸éœ€è¦ç™»å½•éªŒè¯ï¼š/content-service/share/list
2023-10-24 09:11:07.095 WARN  com.alibaba.nacos.common.notify.NotifyCenter      :136  [32m                  [0;39m [NotifyCenter] Start destroying Publisher
2023-10-24 09:11:07.094 WARN  c.alibaba.nacos.common.http.HttpClientBeanHolder  :102  [32m                  [0;39m [HttpClientBeanHolder] Start destroying common HttpClient
2023-10-24 09:11:07.097 WARN  com.alibaba.nacos.common.notify.NotifyCenter      :153  [32m                  [0;39m [NotifyCenter] Destruction of the end
2023-10-24 09:11:07.110 WARN  c.alibaba.nacos.common.http.HttpClientBeanHolder  :111  [32m                  [0;39m [HttpClientBeanHolder] Destruction of the end
2023-10-24 09:11:07.248 INFO  c.a.cloud.nacos.registry.NacosServiceRegistry     :95   [32m                  [0;39m De-registering from Nacos Server now...
2023-10-24 09:11:07.252 INFO  com.alibaba.nacos.client.naming                   :217  [32m                  [0;39m [DEREGISTER-SERVICE] dev deregistering service gateway-service with instance: Instance{instanceId='null', ip='10.22.242.102', port=8000, weight=1.0, healthy=true, enabled=true, ephemeral=true, clusterName='DEFAULT', serviceName='null', metadata={}}
2023-10-24 09:11:07.258 INFO  c.a.cloud.nacos.registry.NacosServiceRegistry     :115  [32m                  [0;39m De-registration finished.
2023-10-24 09:11:07.260 INFO  com.alibaba.nacos.client.naming                   :256  [32m                  [0;39m com.alibaba.nacos.client.naming.cache.ServiceInfoHolder do shutdown begin
2023-10-24 09:11:07.261 INFO  com.alibaba.nacos.client.naming                   :136  [32m                  [0;39m com.alibaba.nacos.client.naming.backups.FailoverReactor do shutdown begin
2023-10-24 09:11:07.262 INFO  com.alibaba.nacos.client.naming                   :138  [32m                  [0;39m com.alibaba.nacos.client.naming.backups.FailoverReactor do shutdown stop
2023-10-24 09:11:07.262 INFO  com.alibaba.nacos.client.naming                   :258  [32m                  [0;39m com.alibaba.nacos.client.naming.cache.ServiceInfoHolder do shutdown stop
2023-10-24 09:11:07.262 INFO  com.alibaba.nacos.client.naming                   :204  [32m                  [0;39m com.alibaba.nacos.client.naming.remote.NamingClientProxyDelegate do shutdown begin
2023-10-24 09:11:07.262 INFO  com.alibaba.nacos.client.naming                   :143  [32m                  [0;39m com.alibaba.nacos.client.naming.core.ServiceInfoUpdateService do shutdown begin
2023-10-24 09:11:07.262 INFO  com.alibaba.nacos.client.naming                   :145  [32m                  [0;39m com.alibaba.nacos.client.naming.core.ServiceInfoUpdateService do shutdown stop
2023-10-24 09:11:07.262 INFO  com.alibaba.nacos.client.naming                   :194  [32m                  [0;39m com.alibaba.nacos.client.naming.core.ServerListManager do shutdown begin
2023-10-24 09:11:07.262 WARN  com.alibaba.nacos.client.naming                   :74   [32m                  [0;39m [NamingHttpClientManager] Start destroying NacosRestTemplate
2023-10-24 09:11:07.262 WARN  com.alibaba.nacos.client.naming                   :81   [32m                  [0;39m [NamingHttpClientManager] Destruction of the end
2023-10-24 09:11:07.262 INFO  com.alibaba.nacos.client.naming                   :199  [32m                  [0;39m com.alibaba.nacos.client.naming.core.ServerListManager do shutdown stop
2023-10-24 09:11:07.263 INFO  com.alibaba.nacos.client.naming                   :484  [32m                  [0;39m com.alibaba.nacos.client.naming.remote.http.NamingHttpClientProxy do shutdown begin
2023-10-24 09:11:07.263 WARN  com.alibaba.nacos.client.naming                   :74   [32m                  [0;39m [NamingHttpClientManager] Start destroying NacosRestTemplate
2023-10-24 09:11:07.263 WARN  com.alibaba.nacos.client.naming                   :81   [32m                  [0;39m [NamingHttpClientManager] Destruction of the end
2023-10-24 09:11:07.263 INFO  com.alibaba.nacos.client.naming                   :486  [32m                  [0;39m com.alibaba.nacos.client.naming.remote.http.NamingHttpClientProxy do shutdown stop
2023-10-24 09:11:07.263 INFO  com.alibaba.nacos.common.remote.client            :429  [32m                  [0;39m Shutdown rpc client, set status to shutdown
2023-10-24 09:11:07.264 INFO  com.alibaba.nacos.common.remote.client            :431  [32m                  [0;39m Shutdown client event executor java.util.concurrent.ScheduledThreadPoolExecutor@4be09a4[Running, pool size = 2, active threads = 2, queued tasks = 0, completed tasks = 0]
2023-10-24 09:11:07.265 INFO  com.alibaba.nacos.common.remote.client            :584  [32m                  [0;39m Close current connection 1698106079853_127.0.0.1_49985
2023-10-24 09:11:07.269 INFO  c.a.nacos.common.remote.client.grpc.GrpcClient    :63   [32m                  [0;39m [1698106079853_127.0.0.1_49985]Ignore complete event,isRunning:false,isAbandon=false
2023-10-24 09:11:07.285 INFO  c.a.nacos.common.remote.client.grpc.GrpcClient    :159  [32m                  [0;39m Shutdown grpc executor java.util.concurrent.ThreadPoolExecutor@21097b1[Running, pool size = 7, active threads = 0, queued tasks = 0, completed tasks = 952]
2023-10-24 09:11:07.285 INFO  com.alibaba.nacos.client.naming                   :318  [32m                  [0;39m Shutdown grpc redo service executor java.util.concurrent.ScheduledThreadPoolExecutor@7f0bdf20[Running, pool size = 1, active threads = 0, queued tasks = 1, completed tasks = 1259]
2023-10-24 09:11:07.286 INFO  c.a.n.client.auth.ram.identify.CredentialWatcher  :106  [32m                  [0;39m [null] CredentialWatcher is stopped
2023-10-24 09:11:07.287 INFO  c.a.n.client.auth.ram.identify.CredentialService  :100  [32m                  [0;39m [null] CredentialService is freed
2023-10-24 09:11:07.287 INFO  com.alibaba.nacos.client.naming                   :211  [32m                  [0;39m com.alibaba.nacos.client.naming.remote.NamingClientProxyDelegate do shutdown stop
2023-10-24 09:11:13.375 WARN  com.alibaba.nacos.client.logging.NacosLogging     :64   [32m                  [0;39m Load Logback Configuration of Nacos fail, message: Could not initialize Logback Nacos logging from classpath:nacos-logback.xml
2023-10-24 09:11:13.381 INFO  org.hibernate.validator.internal.util.Version     :21   [32m                  [0;39m HV000001: Hibernate Validator 8.0.0.Final
2023-10-24 09:11:13.416 WARN  com.alibaba.nacos.client.logging.NacosLogging     :64   [32m                  [0;39m Load Logback Configuration of Nacos fail, message: Could not initialize Logback Nacos logging from classpath:nacos-logback.xml
2023-10-24 09:11:13.422 INFO  top.lxyi.share.gateway.config.GatewayApplication  :51   [32m                  [0;39m Starting GatewayApplication using Java 17.0.6 with PID 21572 (E:\2242-wei\share-api\share-gateway\target\classes started by 17161 in E:\2242-wei\share-api)
2023-10-24 09:11:13.423 INFO  top.lxyi.share.gateway.config.GatewayApplication  :630  [32m                  [0;39m No active profile set, falling back to 1 default profile: "default"
2023-10-24 09:11:13.457 INFO  o.s.b.d.env.DevToolsPropertyDefaultsPostProcessor :250  [32m                  [0;39m Devtools property defaults active! Set 'spring.devtools.add-properties' to 'false' to disable
2023-10-24 09:11:13.457 INFO  o.s.b.d.env.DevToolsPropertyDefaultsPostProcessor :250  [32m                  [0;39m For additional web related logging consider setting the 'logging.level.web' property to 'DEBUG'
2023-10-24 09:11:13.989 INFO  o.springframework.cloud.context.scope.GenericScope:282  [32m                  [0;39m BeanFactory id=0b5d99e1-ad8c-307d-89c1-1d91fd8f7508
2023-10-24 09:11:14.027 INFO  o.s.c.s.PostProcessorRegistrationDelegate$BeanPostProcessorChecker:409  [32m                  [0;39m Bean 'org.springframework.cloud.client.loadbalancer.reactive.LoadBalancerBeanPostProcessorAutoConfiguration' of type [org.springframework.cloud.client.loadbalancer.reactive.LoadBalancerBeanPostProcessorAutoConfiguration] is not eligible for getting processed by all BeanPostProcessors (for example: not eligible for auto-proxying)
2023-10-24 09:11:14.028 INFO  o.s.c.s.PostProcessorRegistrationDelegate$BeanPostProcessorChecker:409  [32m                  [0;39m Bean 'org.springframework.cloud.client.loadbalancer.reactive.LoadBalancerBeanPostProcessorAutoConfiguration$ReactorDeferringLoadBalancerFilterConfig' of type [org.springframework.cloud.client.loadbalancer.reactive.LoadBalancerBeanPostProcessorAutoConfiguration$ReactorDeferringLoadBalancerFilterConfig] is not eligible for getting processed by all BeanPostProcessors (for example: not eligible for auto-proxying)
2023-10-24 09:11:14.029 INFO  o.s.c.s.PostProcessorRegistrationDelegate$BeanPostProcessorChecker:409  [32m                  [0;39m Bean 'reactorDeferringLoadBalancerExchangeFilterFunction' of type [org.springframework.cloud.client.loadbalancer.reactive.DeferringLoadBalancerExchangeFilterFunction] is not eligible for getting processed by all BeanPostProcessors (for example: not eligible for auto-proxying)
2023-10-24 09:11:16.105 INFO  o.s.c.gateway.route.RouteDefinitionRouteLocator   :88   [32m                  [0;39m Loaded RoutePredicateFactory [After]
2023-10-24 09:11:16.105 INFO  o.s.c.gateway.route.RouteDefinitionRouteLocator   :88   [32m                  [0;39m Loaded RoutePredicateFactory [Before]
2023-10-24 09:11:16.105 INFO  o.s.c.gateway.route.RouteDefinitionRouteLocator   :88   [32m                  [0;39m Loaded RoutePredicateFactory [Between]
2023-10-24 09:11:16.105 INFO  o.s.c.gateway.route.RouteDefinitionRouteLocator   :88   [32m                  [0;39m Loaded RoutePredicateFactory [Cookie]
2023-10-24 09:11:16.105 INFO  o.s.c.gateway.route.RouteDefinitionRouteLocator   :88   [32m                  [0;39m Loaded RoutePredicateFactory [Header]
2023-10-24 09:11:16.105 INFO  o.s.c.gateway.route.RouteDefinitionRouteLocator   :88   [32m                  [0;39m Loaded RoutePredicateFactory [Host]
2023-10-24 09:11:16.106 INFO  o.s.c.gateway.route.RouteDefinitionRouteLocator   :88   [32m                  [0;39m Loaded RoutePredicateFactory [Method]
2023-10-24 09:11:16.106 INFO  o.s.c.gateway.route.RouteDefinitionRouteLocator   :88   [32m                  [0;39m Loaded RoutePredicateFactory [Path]
2023-10-24 09:11:16.106 INFO  o.s.c.gateway.route.RouteDefinitionRouteLocator   :88   [32m                  [0;39m Loaded RoutePredicateFactory [Query]
2023-10-24 09:11:16.106 INFO  o.s.c.gateway.route.RouteDefinitionRouteLocator   :88   [32m                  [0;39m Loaded RoutePredicateFactory [ReadBody]
2023-10-24 09:11:16.106 INFO  o.s.c.gateway.route.RouteDefinitionRouteLocator   :88   [32m                  [0;39m Loaded RoutePredicateFactory [RemoteAddr]
2023-10-24 09:11:16.106 INFO  o.s.c.gateway.route.RouteDefinitionRouteLocator   :88   [32m                  [0;39m Loaded RoutePredicateFactory [XForwardedRemoteAddr]
2023-10-24 09:11:16.106 INFO  o.s.c.gateway.route.RouteDefinitionRouteLocator   :88   [32m                  [0;39m Loaded RoutePredicateFactory [Weight]
2023-10-24 09:11:16.106 INFO  o.s.c.gateway.route.RouteDefinitionRouteLocator   :88   [32m                  [0;39m Loaded RoutePredicateFactory [CloudFoundryRouteService]
2023-10-24 09:11:16.231 INFO  o.s.b.d.autoconfigure.OptionalLiveReloadServer    :59   [32m                  [0;39m LiveReload server is running on port 35729
2023-10-24 09:11:16.245 WARN  o.s.c.l.c.LoadBalancerCacheAutoConfiguration$LoadBalancerCaffeineWarnLogger:81   [32m                  [0;39m Spring Cloud LoadBalancer is currently working with the default cache. While this cache implementation is useful for development and tests, it's recommended to use Caffeine cache in production.You can switch to using Caffeine cache, by adding it and org.springframework.cache.caffeine.CaffeineCacheManager to the classpath.
2023-10-24 09:11:16.271 WARN  com.alibaba.nacos.client.logging.NacosLogging     :64   [32m                  [0;39m Load Logback Configuration of Nacos fail, message: Could not initialize Logback Nacos logging from classpath:nacos-logback.xml
2023-10-24 09:11:16.272 INFO  com.alibaba.nacos.client.naming                   :62   [32m                  [0;39m initializer namespace from ans.namespace attribute : null
2023-10-24 09:11:16.272 INFO  com.alibaba.nacos.client.naming                   :66   [32m                  [0;39m initializer namespace from ALIBABA_ALIWARE_NAMESPACE attribute :null
2023-10-24 09:11:16.273 INFO  com.alibaba.nacos.client.naming                   :73   [32m                  [0;39m initializer namespace from namespace attribute :null
2023-10-24 09:11:16.294 INFO  com.alibaba.nacos.client.utils.ParamUtil          :87   [32m                  [0;39m [settings] [req-serv] nacos-server port:8848
2023-10-24 09:11:16.294 INFO  com.alibaba.nacos.client.utils.ParamUtil          :98   [32m                  [0;39m [settings] [http-client] connect timeout:1000
2023-10-24 09:11:16.295 INFO  com.alibaba.nacos.client.utils.ParamUtil          :105  [32m                  [0;39m PER_TASK_CONFIG_SIZE: 3000.0
2023-10-24 09:11:16.299 INFO  c.a.n.p.auth.spi.client.ClientAuthPluginManager   :56   [32m                  [0;39m [ClientAuthPluginManager] Load ClientAuthService com.alibaba.nacos.client.auth.impl.NacosClientAuthServiceImpl success.
2023-10-24 09:11:16.300 INFO  c.a.n.p.auth.spi.client.ClientAuthPluginManager   :56   [32m                  [0;39m [ClientAuthPluginManager] Load ClientAuthService com.alibaba.nacos.client.auth.ram.RamClientAuthServiceImpl success.
2023-10-24 09:11:16.301 INFO  c.a.n.client.auth.ram.identify.CredentialWatcher  :165  [32m                  [0;39m null No credential found
2023-10-24 09:11:16.307 INFO  com.alibaba.nacos.common.remote.client            :108  [32m                  [0;39m [RpcClientFactory] create a new rpc client of a60c8cfa-32c7-4be3-a26a-695318d7d4ef
2023-10-24 09:11:16.318 INFO  com.alibaba.nacos.common.remote.client            :63   [32m                  [0;39m [a60c8cfa-32c7-4be3-a26a-695318d7d4ef] RpcClient init, ServerListFactory = com.alibaba.nacos.client.naming.core.ServerListManager
2023-10-24 09:11:16.318 INFO  com.alibaba.nacos.common.remote.client            :63   [32m                  [0;39m [a60c8cfa-32c7-4be3-a26a-695318d7d4ef] Registry connection listener to current client:com.alibaba.nacos.client.naming.remote.gprc.redo.NamingGrpcRedoService
2023-10-24 09:11:16.318 INFO  com.alibaba.nacos.common.remote.client            :63   [32m                  [0;39m [a60c8cfa-32c7-4be3-a26a-695318d7d4ef] Register server push request handler:com.alibaba.nacos.client.naming.remote.gprc.NamingPushRequestHandler
2023-10-24 09:11:16.321 INFO  com.alibaba.nacos.common.remote.client            :63   [32m                  [0;39m [a60c8cfa-32c7-4be3-a26a-695318d7d4ef] Try to connect to server on start up, server: {serverIp = 'localhost', server main port = 8848}
2023-10-24 09:11:16.345 INFO  c.a.nacos.common.remote.client.grpc.GrpcClient    :182  [32m                  [0;39m grpc client connection server:localhost ip,serverPort:9848,grpcTslConfig:{"sslProvider":"OPENSSL","enableTls":false,"mutualAuthEnable":false,"trustAll":false}
2023-10-24 09:11:17.165 INFO  com.alibaba.nacos.common.remote.client            :63   [32m                  [0;39m [a60c8cfa-32c7-4be3-a26a-695318d7d4ef] Success to connect to server [localhost:8848] on start up, connectionId = 1698109877015_127.0.0.1_61016
2023-10-24 09:11:17.166 INFO  com.alibaba.nacos.common.remote.client            :63   [32m                  [0;39m [a60c8cfa-32c7-4be3-a26a-695318d7d4ef] Notify connected event to listeners.
2023-10-24 09:11:17.166 INFO  com.alibaba.nacos.common.remote.client            :63   [32m                  [0;39m [a60c8cfa-32c7-4be3-a26a-695318d7d4ef] Register server push request handler:com.alibaba.nacos.common.remote.client.RpcClient$ConnectResetRequestHandler
2023-10-24 09:11:17.166 INFO  com.alibaba.nacos.client.naming                   :78   [32m                  [0;39m Grpc connection connect
2023-10-24 09:11:17.166 INFO  com.alibaba.nacos.common.remote.client            :63   [32m                  [0;39m [a60c8cfa-32c7-4be3-a26a-695318d7d4ef] Register server push request handler:com.alibaba.nacos.common.remote.client.RpcClient$$Lambda$944/0x00000008012bcf30
2023-10-24 09:11:17.167 INFO  com.alibaba.nacos.client.naming                   :167  [32m                  [0;39m [SUBSCRIBE-SERVICE] service:gateway-service, group:myGroup, clusters:DEFAULT 
2023-10-24 09:11:17.182 INFO  com.alibaba.nacos.client.naming                   :184  [32m                  [0;39m init new ips(0) service: myGroup@@gateway-service@@DEFAULT -> []
2023-10-24 09:11:17.190 INFO  com.alibaba.nacos.client.naming                   :169  [32m                  [0;39m current ips:(0) service: myGroup@@gateway-service@@DEFAULT -> []
2023-10-24 09:11:17.341 INFO  o.s.boot.web.embedded.netty.NettyWebServer        :111  [32m                  [0;39m Netty started on port 8000
2023-10-24 09:11:17.767 INFO  com.alibaba.nacos.common.remote.client            :63   [32m                  [0;39m [a60c8cfa-32c7-4be3-a26a-695318d7d4ef] Receive server push request, request = NotifySubscriberRequest, requestId = 8
2023-10-24 09:11:17.768 INFO  com.alibaba.nacos.common.remote.client            :63   [32m                  [0;39m [a60c8cfa-32c7-4be3-a26a-695318d7d4ef] Ack server push request, request = NotifySubscriberRequest, requestId = 8
2023-10-24 09:11:18.039 INFO  com.alibaba.nacos.client.naming                   :121  [32m                  [0;39m [REGISTER-SERVICE] dev registering service gateway-service with instance Instance{instanceId='null', ip='10.22.242.102', port=8000, weight=1.0, healthy=true, enabled=true, ephemeral=true, clusterName='DEFAULT', serviceName='null', metadata={preserved.heart.beat.timeout=15000, preserved.register.source=SPRING_CLOUD, IPv6=null, myData=abc, preserved.heart.beat.interval=5000}}
2023-10-24 09:11:18.046 INFO  c.a.cloud.nacos.registry.NacosServiceRegistry     :76   [32m                  [0;39m nacos registry, myGroup gateway-service 10.22.242.102:8000 register finished
2023-10-24 09:11:18.073 INFO  com.alibaba.nacos.client.naming                   :167  [32m                  [0;39m [SUBSCRIBE-SERVICE] service:user-service, group:myGroup, clusters: 
2023-10-24 09:11:18.075 INFO  com.alibaba.nacos.client.naming                   :167  [32m                  [0;39m [SUBSCRIBE-SERVICE] service:content-service, group:myGroup, clusters: 
2023-10-24 09:11:18.075 INFO  com.alibaba.nacos.client.naming                   :167  [32m                  [0;39m [SUBSCRIBE-SERVICE] service:gateway-service, group:myGroup, clusters: 
2023-10-24 09:11:18.075 INFO  com.alibaba.nacos.client.naming                   :167  [32m                  [0;39m [SUBSCRIBE-SERVICE] service:user-service, group:myGroup, clusters: 
2023-10-24 09:11:18.075 INFO  com.alibaba.nacos.client.naming                   :167  [32m                  [0;39m [SUBSCRIBE-SERVICE] service:gateway-service, group:myGroup, clusters: 
2023-10-24 09:11:18.075 INFO  com.alibaba.nacos.client.naming                   :167  [32m                  [0;39m [SUBSCRIBE-SERVICE] service:content-service, group:myGroup, clusters: 
2023-10-24 09:11:18.079 INFO  com.alibaba.nacos.client.naming                   :184  [32m                  [0;39m init new ips(0) service: myGroup@@gateway-service -> []
2023-10-24 09:11:18.080 INFO  com.alibaba.nacos.client.naming                   :169  [32m                  [0;39m current ips:(0) service: myGroup@@gateway-service -> []
2023-10-24 09:11:18.081 INFO  com.alibaba.nacos.client.naming                   :184  [32m                  [0;39m init new ips(1) service: myGroup@@user-service -> [{"ip":"10.22.242.102","port":8001,"weight":1.0,"healthy":true,"enabled":true,"ephemeral":true,"clusterName":"DEFAULT","serviceName":"myGroup@@user-service","metadata":{"preserved.heart.beat.timeout":"15000","preserved.register.source":"SPRING_CLOUD","myData":"abc","preserved.heart.beat.interval":"5000"},"ipDeleteTimeout":30000,"instanceHeartBeatInterval":5000,"instanceHeartBeatTimeOut":15000}]
2023-10-24 09:11:18.081 INFO  com.alibaba.nacos.client.naming                   :184  [32m                  [0;39m init new ips(1) service: myGroup@@content-service -> [{"ip":"10.22.242.102","port":8002,"weight":1.0,"healthy":true,"enabled":true,"ephemeral":true,"clusterName":"DEFAULT","serviceName":"myGroup@@content-service","metadata":{"preserved.heart.beat.timeout":"15000","preserved.register.source":"SPRING_CLOUD","myData":"abc","preserved.heart.beat.interval":"5000"},"ipDeleteTimeout":30000,"instanceHeartBeatInterval":5000,"instanceHeartBeatTimeOut":15000}]
2023-10-24 09:11:18.082 INFO  com.alibaba.nacos.client.naming                   :169  [32m                  [0;39m current ips:(1) service: myGroup@@user-service -> [{"ip":"10.22.242.102","port":8001,"weight":1.0,"healthy":true,"enabled":true,"ephemeral":true,"clusterName":"DEFAULT","serviceName":"myGroup@@user-service","metadata":{"preserved.heart.beat.timeout":"15000","preserved.register.source":"SPRING_CLOUD","myData":"abc","preserved.heart.beat.interval":"5000"},"ipDeleteTimeout":30000,"instanceHeartBeatInterval":5000,"instanceHeartBeatTimeOut":15000}]
2023-10-24 09:11:18.082 INFO  com.alibaba.nacos.client.naming                   :169  [32m                  [0;39m current ips:(1) service: myGroup@@content-service -> [{"ip":"10.22.242.102","port":8002,"weight":1.0,"healthy":true,"enabled":true,"ephemeral":true,"clusterName":"DEFAULT","serviceName":"myGroup@@content-service","metadata":{"preserved.heart.beat.timeout":"15000","preserved.register.source":"SPRING_CLOUD","myData":"abc","preserved.heart.beat.interval":"5000"},"ipDeleteTimeout":30000,"instanceHeartBeatInterval":5000,"instanceHeartBeatTimeOut":15000}]
2023-10-24 09:11:18.103 INFO  c.a.c.n.discovery.NacosDiscoveryHeartBeatPublisher:66   [32m                  [0;39m Start nacos heartBeat task scheduler.
2023-10-24 09:11:18.116 INFO  top.lxyi.share.gateway.config.GatewayApplication  :57   [32m                  [0;39m Started GatewayApplication in 5.408 seconds (process running for 5.924)
2023-10-24 09:11:18.119 INFO  top.lxyi.share.gateway.config.GatewayApplication  :16   [32m                  [0;39m ç½‘å…³å¯åŠ¨æˆåŠŸï¼ï¼
2023-10-24 09:11:18.119 INFO  top.lxyi.share.gateway.config.GatewayApplication  :17   [32m                  [0;39m ç½‘å…³åœ°å€ï¼šhttp://127.0.0.1:8000
2023-10-24 09:11:18.633 INFO  com.alibaba.nacos.common.remote.client            :63   [32m                  [0;39m [a60c8cfa-32c7-4be3-a26a-695318d7d4ef] Receive server push request, request = NotifySubscriberRequest, requestId = 10
2023-10-24 09:11:18.633 INFO  com.alibaba.nacos.common.remote.client            :63   [32m                  [0;39m [a60c8cfa-32c7-4be3-a26a-695318d7d4ef] Ack server push request, request = NotifySubscriberRequest, requestId = 10
2023-10-24 09:11:18.638 INFO  com.alibaba.nacos.common.remote.client            :63   [32m                  [0;39m [a60c8cfa-32c7-4be3-a26a-695318d7d4ef] Receive server push request, request = NotifySubscriberRequest, requestId = 11
2023-10-24 09:11:18.639 INFO  com.alibaba.nacos.common.remote.client            :63   [32m                  [0;39m [a60c8cfa-32c7-4be3-a26a-695318d7d4ef] Ack server push request, request = NotifySubscriberRequest, requestId = 11
2023-10-24 09:11:18.642 INFO  com.alibaba.nacos.common.remote.client            :63   [32m                  [0;39m [a60c8cfa-32c7-4be3-a26a-695318d7d4ef] Receive server push request, request = NotifySubscriberRequest, requestId = 12
2023-10-24 09:11:18.643 INFO  com.alibaba.nacos.client.naming                   :235  [32m                  [0;39m new ips(1) service: myGroup@@gateway-service -> [{"ip":"10.22.242.102","port":8000,"weight":1.0,"healthy":true,"enabled":true,"ephemeral":true,"clusterName":"DEFAULT","serviceName":"myGroup@@gateway-service","metadata":{"preserved.heart.beat.timeout":"15000","preserved.register.source":"SPRING_CLOUD","myData":"abc","preserved.heart.beat.interval":"5000"},"ipDeleteTimeout":30000,"instanceHeartBeatInterval":5000,"instanceHeartBeatTimeOut":15000}]
2023-10-24 09:11:18.644 INFO  com.alibaba.nacos.client.naming                   :169  [32m                  [0;39m current ips:(1) service: myGroup@@gateway-service -> [{"ip":"10.22.242.102","port":8000,"weight":1.0,"healthy":true,"enabled":true,"ephemeral":true,"clusterName":"DEFAULT","serviceName":"myGroup@@gateway-service","metadata":{"preserved.heart.beat.timeout":"15000","preserved.register.source":"SPRING_CLOUD","myData":"abc","preserved.heart.beat.interval":"5000"},"ipDeleteTimeout":30000,"instanceHeartBeatInterval":5000,"instanceHeartBeatTimeOut":15000}]
2023-10-24 09:11:18.645 INFO  com.alibaba.nacos.common.remote.client            :63   [32m                  [0;39m [a60c8cfa-32c7-4be3-a26a-695318d7d4ef] Ack server push request, request = NotifySubscriberRequest, requestId = 12
2023-10-24 09:13:08.841 INFO  top.lxyi.share.gateway.config.LoginUserFilter     :29   [32m                  [0;39m ä¸éœ€è¦ç™»å½•éªŒè¯ï¼š/user-service/user/login
2023-10-24 09:13:09.700 INFO  top.lxyi.share.gateway.config.LoginUserFilter     :29   [32m                  [0;39m ä¸éœ€è¦ç™»å½•éªŒè¯ï¼š/content-service/share/list
2023-10-24 09:14:13.161 INFO  top.lxyi.share.gateway.config.LoginUserFilter     :32   [32m                  [0;39m éœ€è¦ç™»å½•éªŒè¯ï¼š/content-service/share/my-exchange
2023-10-24 09:14:13.162 INFO  top.lxyi.share.gateway.config.LoginUserFilter     :36   [32m                  [0;39m ä¼šå‘˜ç™»å½•éªŒè¯å¼€å§‹ï¼Œtoken:eyJ0eXAiOiJKV1QiLCJhbGciOiJIUzI1NiJ9.eyJuYmYiOjE2OTgxMDk5ODksInBob25lIjoiMTM5NTE5MDUxNzEiLCJpZCI6MSwiZXhwIjoxNjk4MjgyNzg5LCJpYXQiOjE2OTgxMDk5ODl9.w2-9HXZ0XJ18uCSf9CW8TrKjiQFMbVX4QhmVWm0e4d8
2023-10-24 09:14:13.596 INFO  top.lxyi.share.gateway.util.JwtUtil               :51   [32m                  [0;39m JWT token æ ¡éªŒç»“æžœï¼štrue
2023-10-24 09:14:13.597 INFO  top.lxyi.share.gateway.config.LoginUserFilter     :45   [32m                  [0;39m tokenæœ‰æ•ˆï¼Œæ”¾è¡Œè¯¥è¯·æ±‚
2023-10-24 09:16:14.028 INFO  top.lxyi.share.gateway.config.LoginUserFilter     :29   [32m                  [0;39m ä¸éœ€è¦ç™»å½•éªŒè¯ï¼š/content-service/share/list
2023-10-24 09:16:15.479 INFO  top.lxyi.share.gateway.config.LoginUserFilter     :29   [32m                  [0;39m ä¸éœ€è¦ç™»å½•éªŒè¯ï¼š/content-service/share/list
2023-10-24 09:16:26.461 INFO  top.lxyi.share.gateway.config.LoginUserFilter     :29   [32m                  [0;39m ä¸éœ€è¦ç™»å½•éªŒè¯ï¼š/content-service/share/list
2023-10-24 09:16:33.670 INFO  top.lxyi.share.gateway.config.LoginUserFilter     :29   [32m                  [0;39m ä¸éœ€è¦ç™»å½•éªŒè¯ï¼š/content-service/share/list
2023-10-24 09:16:36.886 INFO  top.lxyi.share.gateway.config.LoginUserFilter     :32   [32m                  [0;39m éœ€è¦ç™»å½•éªŒè¯ï¼š/content-service/share/my-exchange
2023-10-24 09:16:36.887 INFO  top.lxyi.share.gateway.config.LoginUserFilter     :36   [32m                  [0;39m ä¼šå‘˜ç™»å½•éªŒè¯å¼€å§‹ï¼Œtoken:eyJ0eXAiOiJKV1QiLCJhbGciOiJIUzI1NiJ9.eyJuYmYiOjE2OTgxMDk5ODksInBob25lIjoiMTM5NTE5MDUxNzEiLCJpZCI6MSwiZXhwIjoxNjk4MjgyNzg5LCJpYXQiOjE2OTgxMDk5ODl9.w2-9HXZ0XJ18uCSf9CW8TrKjiQFMbVX4QhmVWm0e4d8
2023-10-24 09:16:36.887 INFO  top.lxyi.share.gateway.util.JwtUtil               :51   [32m                  [0;39m JWT token æ ¡éªŒç»“æžœï¼štrue
2023-10-24 09:16:36.887 INFO  top.lxyi.share.gateway.config.LoginUserFilter     :45   [32m                  [0;39m tokenæœ‰æ•ˆï¼Œæ”¾è¡Œè¯¥è¯·æ±‚
2023-10-24 09:16:49.950 INFO  top.lxyi.share.gateway.config.LoginUserFilter     :32   [32m                  [0;39m éœ€è¦ç™»å½•éªŒè¯ï¼š/content-service/share/my-exchange
2023-10-24 09:16:49.951 INFO  top.lxyi.share.gateway.config.LoginUserFilter     :36   [32m                  [0;39m ä¼šå‘˜ç™»å½•éªŒè¯å¼€å§‹ï¼Œtoken:eyJ0eXAiOiJKV1QiLCJhbGciOiJIUzI1NiJ9.eyJuYmYiOjE2OTgxMDk5ODksInBob25lIjoiMTM5NTE5MDUxNzEiLCJpZCI6MSwiZXhwIjoxNjk4MjgyNzg5LCJpYXQiOjE2OTgxMDk5ODl9.w2-9HXZ0XJ18uCSf9CW8TrKjiQFMbVX4QhmVWm0e4d8
2023-10-24 09:16:49.951 INFO  top.lxyi.share.gateway.util.JwtUtil               :51   [32m                  [0;39m JWT token æ ¡éªŒç»“æžœï¼štrue
2023-10-24 09:16:49.951 INFO  top.lxyi.share.gateway.config.LoginUserFilter     :45   [32m                  [0;39m tokenæœ‰æ•ˆï¼Œæ”¾è¡Œè¯¥è¯·æ±‚
2023-10-24 09:17:40.598 INFO  top.lxyi.share.gateway.config.LoginUserFilter     :29   [32m                  [0;39m ä¸éœ€è¦ç™»å½•éªŒè¯ï¼š/user-service/user/login
2023-10-24 09:17:40.838 INFO  top.lxyi.share.gateway.config.LoginUserFilter     :29   [32m                  [0;39m ä¸éœ€è¦ç™»å½•éªŒè¯ï¼š/content-service/share/list
2023-10-24 09:25:43.993 INFO  top.lxyi.share.gateway.config.LoginUserFilter     :29   [32m                  [0;39m ä¸éœ€è¦ç™»å½•éªŒè¯ï¼š/user-service/user/login
2023-10-24 09:25:44.222 INFO  top.lxyi.share.gateway.config.LoginUserFilter     :29   [32m                  [0;39m ä¸éœ€è¦ç™»å½•éªŒè¯ï¼š/content-service/share/list
2023-10-24 09:29:04.715 INFO  top.lxyi.share.gateway.config.LoginUserFilter     :29   [32m                  [0;39m ä¸éœ€è¦ç™»å½•éªŒè¯ï¼š/user-service/user/login
2023-10-24 09:29:10.651 INFO  top.lxyi.share.gateway.config.LoginUserFilter     :32   [32m                  [0;39m éœ€è¦ç™»å½•éªŒè¯ï¼š/content-service/share/my-contribute
2023-10-24 09:29:10.651 INFO  top.lxyi.share.gateway.config.LoginUserFilter     :36   [32m                  [0;39m ä¼šå‘˜ç™»å½•éªŒè¯å¼€å§‹ï¼Œtoken:null
2023-10-24 09:29:10.652 INFO  top.lxyi.share.gateway.config.LoginUserFilter     :38   [32m                  [0;39m tokenä¸ºç©ºï¼Œè¯·æ±‚è¢«æ‹¦æˆª
2023-10-24 10:20:21.719 INFO  top.lxyi.share.gateway.config.LoginUserFilter     :29   [32m                  [0;39m ä¸éœ€è¦ç™»å½•éªŒè¯ï¼š/content-service/share/list
2023-10-24 10:28:48.559 INFO  top.lxyi.share.gateway.config.LoginUserFilter     :29   [32m                  [0;39m ä¸éœ€è¦ç™»å½•éªŒè¯ï¼š/user-service/user/login
2023-10-24 10:28:51.269 INFO  top.lxyi.share.gateway.config.LoginUserFilter     :32   [32m                  [0;39m éœ€è¦ç™»å½•éªŒè¯ï¼š/content-service/share/my-exchange
2023-10-24 10:28:51.269 INFO  top.lxyi.share.gateway.config.LoginUserFilter     :36   [32m                  [0;39m ä¼šå‘˜ç™»å½•éªŒè¯å¼€å§‹ï¼Œtoken:null
2023-10-24 10:28:51.269 INFO  top.lxyi.share.gateway.config.LoginUserFilter     :38   [32m                  [0;39m tokenä¸ºç©ºï¼Œè¯·æ±‚è¢«æ‹¦æˆª
2023-10-24 10:28:56.686 INFO  top.lxyi.share.gateway.config.LoginUserFilter     :32   [32m                  [0;39m éœ€è¦ç™»å½•éªŒè¯ï¼š/content-service/share/my-exchange
2023-10-24 10:28:56.686 INFO  top.lxyi.share.gateway.config.LoginUserFilter     :36   [32m                  [0;39m ä¼šå‘˜ç™»å½•éªŒè¯å¼€å§‹ï¼Œtoken:null
2023-10-24 10:28:56.686 INFO  top.lxyi.share.gateway.config.LoginUserFilter     :38   [32m                  [0;39m tokenä¸ºç©ºï¼Œè¯·æ±‚è¢«æ‹¦æˆª
2023-10-24 10:29:22.877 INFO  top.lxyi.share.gateway.config.LoginUserFilter     :29   [32m                  [0;39m ä¸éœ€è¦ç™»å½•éªŒè¯ï¼š/user-service/user/login
2023-10-24 10:29:23.267 INFO  top.lxyi.share.gateway.config.LoginUserFilter     :29   [32m                  [0;39m ä¸éœ€è¦ç™»å½•éªŒè¯ï¼š/user-service/user/login
2023-10-24 10:29:23.423 INFO  top.lxyi.share.gateway.config.LoginUserFilter     :29   [32m                  [0;39m ä¸éœ€è¦ç™»å½•éªŒè¯ï¼š/user-service/user/login
