2023-10-08 16:18:15.045 INFO  org.hibernate.validator.internal.util.Version     :21   [32m                  [0;39m HV000001: Hibernate Validator 8.0.1.Final
2023-10-08 16:18:15.077 INFO  top.lxyi.share.conent.config.ContentApplication   :51   [32m                  [0;39m Starting ContentApplication using Java 17.0.6 with PID 22612 (E:\2242-wei\share-api\share-conent\target\classes started by 17161 in E:\2242-wei\share-api)
2023-10-08 16:18:15.078 INFO  top.lxyi.share.conent.config.ContentApplication   :637  [32m                  [0;39m No active profile set, falling back to 1 default profile: "default"
2023-10-08 16:18:16.001 INFO  o.s.boot.web.embedded.tomcat.TomcatWebServer      :108  [32m                  [0;39m Tomcat initialized with port(s): 8000 (http)
2023-10-08 16:18:16.017 INFO  org.apache.coyote.http11.Http11NioProtocol        :173  [32m                  [0;39m Initializing ProtocolHandler ["http-nio-8000"]
2023-10-08 16:18:16.019 INFO  org.apache.catalina.core.StandardService          :173  [32m                  [0;39m Starting service [Tomcat]
2023-10-08 16:18:16.019 INFO  org.apache.catalina.core.StandardEngine           :173  [32m                  [0;39m Starting Servlet engine: [Apache Tomcat/10.1.13]
2023-10-08 16:18:16.106 INFO  o.a.c.core.ContainerBase.[Tomcat].[localhost].[/] :173  [32m                  [0;39m Initializing Spring embedded WebApplicationContext
2023-10-08 16:18:16.106 INFO  o.s.b.w.s.c.ServletWebServerApplicationContext    :291  [32m                  [0;39m Root WebApplicationContext: initialization completed in 991 ms
2023-10-08 16:18:16.207 WARN  o.s.b.w.s.c.AnnotationConfigServletWebServerApplicationContext:616  [32m                  [0;39m Exception encountered during context initialization - cancelling refresh attempt: org.springframework.beans.factory.BeanCreationException: Error creating bean with name 'shareController': Injection of resource dependencies failed
2023-10-08 16:18:16.210 INFO  org.apache.catalina.core.StandardService          :173  [32m                  [0;39m Stopping service [Tomcat]
2023-10-08 16:18:16.225 INFO  o.s.b.a.logging.ConditionEvaluationReportLogger   :82   [32m                  [0;39m 

Error starting ApplicationContext. To display the condition evaluation report re-run your application with 'debug' enabled.
2023-10-08 16:18:16.250 ERROR o.s.b.diagnostics.LoggingFailureAnalysisReporter  :40   [32m                  [0;39m 

***************************
APPLICATION FAILED TO START
***************************

Description:

Failed to configure a DataSource: 'url' attribute is not specified and no embedded datasource could be configured.

Reason: Failed to determine a suitable driver class


Action:

Consider the following:
	If you want an embedded database (H2, HSQL or Derby), please put it on the classpath.
	If you have database settings to be loaded from a particular profile you may need to activate it (no profiles are currently active).

2023-10-08 19:10:44.265 INFO  org.hibernate.validator.internal.util.Version     :21   [32m                  [0;39m HV000001: Hibernate Validator 8.0.1.Final
2023-10-08 19:10:44.299 INFO  top.lxyi.share.conent.config.ContentApplication   :51   [32m                  [0;39m Starting ContentApplication using Java 17.0.6 with PID 29772 (E:\2242-wei\share-api\share-conent\target\classes started by 17161 in E:\2242-wei\share-api)
2023-10-08 19:10:44.299 INFO  top.lxyi.share.conent.config.ContentApplication   :637  [32m                  [0;39m No active profile set, falling back to 1 default profile: "default"
2023-10-08 19:10:45.427 INFO  o.s.boot.web.embedded.tomcat.TomcatWebServer      :108  [32m                  [0;39m Tomcat initialized with port(s): 8000 (http)
2023-10-08 19:10:45.436 INFO  org.apache.coyote.http11.Http11NioProtocol        :173  [32m                  [0;39m Initializing ProtocolHandler ["http-nio-8000"]
2023-10-08 19:10:45.439 INFO  org.apache.catalina.core.StandardService          :173  [32m                  [0;39m Starting service [Tomcat]
2023-10-08 19:10:45.439 INFO  org.apache.catalina.core.StandardEngine           :173  [32m                  [0;39m Starting Servlet engine: [Apache Tomcat/10.1.13]
2023-10-08 19:10:45.535 INFO  o.a.c.core.ContainerBase.[Tomcat].[localhost].[/] :173  [32m                  [0;39m Initializing Spring embedded WebApplicationContext
2023-10-08 19:10:45.536 INFO  o.s.b.w.s.c.ServletWebServerApplicationContext    :291  [32m                  [0;39m Root WebApplicationContext: initialization completed in 1201 ms
2023-10-08 19:10:45.635 WARN  o.s.b.w.s.c.AnnotationConfigServletWebServerApplicationContext:616  [32m                  [0;39m Exception encountered during context initialization - cancelling refresh attempt: org.springframework.beans.factory.BeanCreationException: Error creating bean with name 'shareController': Injection of resource dependencies failed
2023-10-08 19:10:45.638 INFO  org.apache.catalina.core.StandardService          :173  [32m                  [0;39m Stopping service [Tomcat]
2023-10-08 19:10:45.656 INFO  o.s.b.a.logging.ConditionEvaluationReportLogger   :82   [32m                  [0;39m 

Error starting ApplicationContext. To display the condition evaluation report re-run your application with 'debug' enabled.
2023-10-08 19:10:45.675 ERROR o.s.b.diagnostics.LoggingFailureAnalysisReporter  :40   [32m                  [0;39m 

***************************
APPLICATION FAILED TO START
***************************

Description:

Failed to configure a DataSource: 'url' attribute is not specified and no embedded datasource could be configured.

Reason: Failed to determine a suitable driver class


Action:

Consider the following:
	If you want an embedded database (H2, HSQL or Derby), please put it on the classpath.
	If you have database settings to be loaded from a particular profile you may need to activate it (no profiles are currently active).

2023-10-08 19:28:34.382 INFO  org.hibernate.validator.internal.util.Version     :21   [32m                  [0;39m HV000001: Hibernate Validator 8.0.1.Final
2023-10-08 19:28:34.418 INFO  top.lxyi.share.content.config.ContentApplication  :51   [32m                  [0;39m Starting ContentApplication using Java 17.0.6 with PID 31584 (E:\2242-wei\share-api\share-content\target\classes started by 17161 in E:\2242-wei\share-api)
2023-10-08 19:28:34.419 INFO  top.lxyi.share.content.config.ContentApplication  :637  [32m                  [0;39m No active profile set, falling back to 1 default profile: "default"
2023-10-08 19:28:35.561 INFO  o.s.boot.web.embedded.tomcat.TomcatWebServer      :108  [32m                  [0;39m Tomcat initialized with port(s): 8000 (http)
2023-10-08 19:28:35.569 INFO  org.apache.coyote.http11.Http11NioProtocol        :173  [32m                  [0;39m Initializing ProtocolHandler ["http-nio-8000"]
2023-10-08 19:28:35.572 INFO  org.apache.catalina.core.StandardService          :173  [32m                  [0;39m Starting service [Tomcat]
2023-10-08 19:28:35.572 INFO  org.apache.catalina.core.StandardEngine           :173  [32m                  [0;39m Starting Servlet engine: [Apache Tomcat/10.1.13]
2023-10-08 19:28:35.652 INFO  o.a.c.c.C.[Tomcat].[localhost].[/user-service]    :173  [32m                  [0;39m Initializing Spring embedded WebApplicationContext
2023-10-08 19:28:35.653 INFO  o.s.b.w.s.c.ServletWebServerApplicationContext    :291  [32m                  [0;39m Root WebApplicationContext: initialization completed in 1185 ms
2023-10-08 19:28:36.043 INFO  top.lxyi.share.common.aspect.LogAspect            :30   [32m                  [0;39m logAspect
2023-10-08 19:28:36.483 INFO  org.apache.coyote.http11.Http11NioProtocol        :173  [32m                  [0;39m Starting ProtocolHandler ["http-nio-8000"]
2023-10-08 19:28:36.487 WARN  o.s.b.w.s.c.AnnotationConfigServletWebServerApplicationContext:616  [32m                  [0;39m Exception encountered during context initialization - cancelling refresh attempt: org.springframework.context.ApplicationContextException: Failed to start bean 'webServerStartStop'
2023-10-08 19:28:36.492 INFO  org.apache.coyote.http11.Http11NioProtocol        :173  [32m                  [0;39m Pausing ProtocolHandler ["http-nio-8000"]
2023-10-08 19:28:36.492 INFO  org.apache.catalina.core.StandardService          :173  [32m                  [0;39m Stopping service [Tomcat]
2023-10-08 19:28:36.498 INFO  org.apache.coyote.http11.Http11NioProtocol        :173  [32m                  [0;39m Stopping ProtocolHandler ["http-nio-8000"]
2023-10-08 19:28:36.498 INFO  org.apache.coyote.http11.Http11NioProtocol        :173  [32m                  [0;39m Destroying ProtocolHandler ["http-nio-8000"]
2023-10-08 19:28:36.504 INFO  o.s.b.a.logging.ConditionEvaluationReportLogger   :82   [32m                  [0;39m 

Error starting ApplicationContext. To display the condition evaluation report re-run your application with 'debug' enabled.
2023-10-08 19:28:36.519 ERROR o.s.b.diagnostics.LoggingFailureAnalysisReporter  :40   [32m                  [0;39m 

***************************
APPLICATION FAILED TO START
***************************

Description:

Web server failed to start. Port 8000 was already in use.

Action:

Identify and stop the process that's listening on port 8000 or configure this application to listen on another port.

2023-10-08 19:29:31.336 INFO  org.hibernate.validator.internal.util.Version     :21   [32m                  [0;39m HV000001: Hibernate Validator 8.0.1.Final
2023-10-08 19:29:31.368 INFO  top.lxyi.share.content.config.ContentApplication  :51   [32m                  [0;39m Starting ContentApplication using Java 17.0.6 with PID 2504 (E:\2242-wei\share-api\share-content\target\classes started by 17161 in E:\2242-wei\share-api)
2023-10-08 19:29:31.369 INFO  top.lxyi.share.content.config.ContentApplication  :637  [32m                  [0;39m No active profile set, falling back to 1 default profile: "default"
2023-10-08 19:29:32.453 INFO  o.s.boot.web.embedded.tomcat.TomcatWebServer      :108  [32m                  [0;39m Tomcat initialized with port(s): 8000 (http)
2023-10-08 19:29:32.461 INFO  org.apache.coyote.http11.Http11NioProtocol        :173  [32m                  [0;39m Initializing ProtocolHandler ["http-nio-8000"]
2023-10-08 19:29:32.463 INFO  org.apache.catalina.core.StandardService          :173  [32m                  [0;39m Starting service [Tomcat]
2023-10-08 19:29:32.463 INFO  org.apache.catalina.core.StandardEngine           :173  [32m                  [0;39m Starting Servlet engine: [Apache Tomcat/10.1.13]
2023-10-08 19:29:32.549 INFO  o.a.c.c.C.[Tomcat].[localhost].[/user-service]    :173  [32m                  [0;39m Initializing Spring embedded WebApplicationContext
2023-10-08 19:29:32.549 INFO  o.s.b.w.s.c.ServletWebServerApplicationContext    :291  [32m                  [0;39m Root WebApplicationContext: initialization completed in 1143 ms
2023-10-08 19:29:32.894 INFO  top.lxyi.share.common.aspect.LogAspect            :30   [32m                  [0;39m logAspect
2023-10-08 19:29:33.324 INFO  org.apache.coyote.http11.Http11NioProtocol        :173  [32m                  [0;39m Starting ProtocolHandler ["http-nio-8000"]
2023-10-08 19:29:33.342 INFO  o.s.boot.web.embedded.tomcat.TomcatWebServer      :220  [32m                  [0;39m Tomcat started on port(s): 8000 (http) with context path '/user-service'
2023-10-08 19:29:33.350 INFO  top.lxyi.share.content.config.ContentApplication  :57   [32m                  [0;39m Started ContentApplication in 2.409 seconds (process running for 2.995)
2023-10-08 19:29:33.352 INFO  top.lxyi.share.content.config.ContentApplication  :18   [32m                  [0;39m Content启动成功！！
2023-10-08 19:29:33.353 INFO  top.lxyi.share.content.config.ContentApplication  :19   [32m                  [0;39m 测试地址：http:///127.0.0.1:8000/user-service/hello
2023-10-08 19:33:22.505 INFO  org.hibernate.validator.internal.util.Version     :21   [32m                  [0;39m HV000001: Hibernate Validator 8.0.1.Final
2023-10-08 19:33:22.534 INFO  top.lxyi.share.content.config.ContentApplication  :51   [32m                  [0;39m Starting ContentApplication using Java 17.0.6 with PID 27572 (E:\2242-wei\share-api\share-content\target\classes started by 17161 in E:\2242-wei\share-api)
2023-10-08 19:33:22.534 INFO  top.lxyi.share.content.config.ContentApplication  :637  [32m                  [0;39m No active profile set, falling back to 1 default profile: "default"
2023-10-08 19:33:23.488 INFO  o.s.boot.web.embedded.tomcat.TomcatWebServer      :108  [32m                  [0;39m Tomcat initialized with port(s): 8000 (http)
2023-10-08 19:33:23.496 INFO  org.apache.coyote.http11.Http11NioProtocol        :173  [32m                  [0;39m Initializing ProtocolHandler ["http-nio-8000"]
2023-10-08 19:33:23.497 INFO  org.apache.catalina.core.StandardService          :173  [32m                  [0;39m Starting service [Tomcat]
2023-10-08 19:33:23.498 INFO  org.apache.catalina.core.StandardEngine           :173  [32m                  [0;39m Starting Servlet engine: [Apache Tomcat/10.1.13]
2023-10-08 19:33:23.589 INFO  o.a.c.c.C.[Tomcat].[localhost].[/user-service]    :173  [32m                  [0;39m Initializing Spring embedded WebApplicationContext
2023-10-08 19:33:23.589 INFO  o.s.b.w.s.c.ServletWebServerApplicationContext    :291  [32m                  [0;39m Root WebApplicationContext: initialization completed in 1021 ms
2023-10-08 19:33:23.939 INFO  top.lxyi.share.common.aspect.LogAspect            :30   [32m                  [0;39m logAspect
2023-10-08 19:33:24.427 INFO  org.apache.coyote.http11.Http11NioProtocol        :173  [32m                  [0;39m Starting ProtocolHandler ["http-nio-8000"]
2023-10-08 19:33:24.469 INFO  o.s.boot.web.embedded.tomcat.TomcatWebServer      :220  [32m                  [0;39m Tomcat started on port(s): 8000 (http) with context path '/user-service'
2023-10-08 19:33:24.487 INFO  top.lxyi.share.content.config.ContentApplication  :57   [32m                  [0;39m Started ContentApplication in 2.326 seconds (process running for 2.784)
2023-10-08 19:33:24.492 INFO  top.lxyi.share.content.config.ContentApplication  :18   [32m                  [0;39m Content启动成功！！
2023-10-08 19:33:24.493 INFO  top.lxyi.share.content.config.ContentApplication  :19   [32m                  [0;39m 测试地址：http:///127.0.0.1:8000/user-service/hello
2023-10-08 19:55:18.170 INFO  org.hibernate.validator.internal.util.Version     :21   [32m                  [0;39m HV000001: Hibernate Validator 8.0.1.Final
2023-10-08 19:55:18.209 INFO  top.lxyi.share.content.config.ContentApplication  :51   [32m                  [0;39m Starting ContentApplication using Java 17.0.6 with PID 33928 (E:\2242-wei\share-api\share-content\target\classes started by 17161 in E:\2242-wei\share-api)
2023-10-08 19:55:18.210 INFO  top.lxyi.share.content.config.ContentApplication  :637  [32m                  [0;39m No active profile set, falling back to 1 default profile: "default"
2023-10-08 19:55:19.223 INFO  o.s.boot.web.embedded.tomcat.TomcatWebServer      :108  [32m                  [0;39m Tomcat initialized with port(s): 8000 (http)
2023-10-08 19:55:19.229 INFO  org.apache.coyote.http11.Http11NioProtocol        :173  [32m                  [0;39m Initializing ProtocolHandler ["http-nio-8000"]
2023-10-08 19:55:19.232 INFO  org.apache.catalina.core.StandardService          :173  [32m                  [0;39m Starting service [Tomcat]
2023-10-08 19:55:19.232 INFO  org.apache.catalina.core.StandardEngine           :173  [32m                  [0;39m Starting Servlet engine: [Apache Tomcat/10.1.13]
2023-10-08 19:55:19.311 INFO  o.a.c.c.C.[Tomcat].[localhost].[/user-service]    :173  [32m                  [0;39m Initializing Spring embedded WebApplicationContext
2023-10-08 19:55:19.312 INFO  o.s.b.w.s.c.ServletWebServerApplicationContext    :291  [32m                  [0;39m Root WebApplicationContext: initialization completed in 1049 ms
2023-10-08 19:55:19.659 INFO  top.lxyi.share.common.aspect.LogAspect            :30   [32m                  [0;39m logAspect
2023-10-08 19:55:20.074 INFO  org.apache.coyote.http11.Http11NioProtocol        :173  [32m                  [0;39m Starting ProtocolHandler ["http-nio-8000"]
2023-10-08 19:55:20.101 INFO  o.s.boot.web.embedded.tomcat.TomcatWebServer      :220  [32m                  [0;39m Tomcat started on port(s): 8000 (http) with context path '/user-service'
2023-10-08 19:55:20.108 INFO  top.lxyi.share.content.config.ContentApplication  :57   [32m                  [0;39m Started ContentApplication in 2.351 seconds (process running for 2.855)
2023-10-08 19:55:20.110 INFO  top.lxyi.share.content.config.ContentApplication  :18   [32m                  [0;39m Content启动成功！！
2023-10-08 19:55:20.110 INFO  top.lxyi.share.content.config.ContentApplication  :19   [32m                  [0;39m 测试地址：http:///127.0.0.1:8000/user-service/hello
