2023-10-12 09:09:52.415 WARN  com.alibaba.nacos.client.logging.NacosLogging     :64   [32m                  [0;39m Load Logback Configuration of Nacos fail, message: Could not initialize Logback Nacos logging from classpath:nacos-logback.xml
2023-10-12 09:09:52.432 INFO  org.hibernate.validator.internal.util.Version     :21   [32m                  [0;39m HV000001: Hibernate Validator 8.0.1.Final
2023-10-12 09:09:52.522 WARN  com.alibaba.nacos.client.logging.NacosLogging     :64   [32m                  [0;39m Load Logback Configuration of Nacos fail, message: Could not initialize Logback Nacos logging from classpath:nacos-logback.xml
2023-10-12 09:09:52.536 INFO  top.lxyi.share.user.config.UserApplication        :51   [32m                  [0;39m Starting UserApplication using Java 17.0.6 with PID 27132 (E:\2242-wei\share-api\share-user\target\classes started by 17161 in E:\2242-wei\share-api)
2023-10-12 09:09:52.537 INFO  top.lxyi.share.user.config.UserApplication        :637  [32m                  [0;39m No active profile set, falling back to 1 default profile: "default"
2023-10-12 09:09:53.668 INFO  o.springframework.cloud.context.scope.GenericScope:282  [32m                  [0;39m BeanFactory id=718635c2-4391-3cde-91c4-406373e8ef04
2023-10-12 09:09:54.310 INFO  o.s.boot.web.embedded.tomcat.TomcatWebServer      :108  [32m                  [0;39m Tomcat initialized with port(s): 8001 (http)
2023-10-12 09:09:54.319 INFO  org.apache.coyote.http11.Http11NioProtocol        :173  [32m                  [0;39m Initializing ProtocolHandler ["http-nio-8001"]
2023-10-12 09:09:54.322 INFO  org.apache.catalina.core.StandardService          :173  [32m                  [0;39m Starting service [Tomcat]
2023-10-12 09:09:54.322 INFO  org.apache.catalina.core.StandardEngine           :173  [32m                  [0;39m Starting Servlet engine: [Apache Tomcat/10.1.13]
2023-10-12 09:09:54.425 INFO  o.a.c.core.ContainerBase.[Tomcat].[localhost].[/] :173  [32m                  [0;39m Initializing Spring embedded WebApplicationContext
2023-10-12 09:09:54.425 INFO  o.s.b.w.s.c.ServletWebServerApplicationContext    :291  [32m                  [0;39m Root WebApplicationContext: initialization completed in 1798 ms
2023-10-12 09:09:54.936 INFO  top.lxyi.share.common.aspect.LogAspect            :30   [32m                  [0;39m logAspect
2023-10-12 09:09:56.204 WARN  o.s.b.w.s.c.AnnotationConfigServletWebServerApplicationContext:616  [32m                  [0;39m Exception encountered during context initialization - cancelling refresh attempt: org.springframework.beans.factory.BeanCreationException: Error creating bean with name 'compositeCompatibilityVerifier' defined in class path resource [org/springframework/cloud/configuration/CompatibilityVerifierAutoConfiguration.class]: Failed to instantiate [org.springframework.cloud.configuration.CompositeCompatibilityVerifier]: Factory method 'compositeCompatibilityVerifier' threw exception with message: Spring Cloud/ Spring Boot version compatibility checks have failed: [[VerificationResult@5c8ab9de description = 'Spring Boot [3.1.4] is not compatible with this Spring Cloud release train', action = 'Change Spring Boot version to one of the following versions [3.0.x] .
You can find the latest Spring Boot versions here [https://spring.io/projects/spring-boot#learn]. 
If you want to learn more about the Spring Cloud Release train compatibility, you can visit this page [https://spring.io/projects/spring-cloud#overview] and check the [Release Trains] section.
If you want to disable this check, just set the property [spring.cloud.compatibility-verifier.enabled=false]']]
2023-10-12 09:09:56.208 INFO  org.apache.catalina.core.StandardService          :173  [32m                  [0;39m Stopping service [Tomcat]
2023-10-12 09:09:56.220 INFO  o.s.b.a.logging.ConditionEvaluationReportLogger   :82   [32m                  [0;39m 

Error starting ApplicationContext. To display the condition evaluation report re-run your application with 'debug' enabled.
2023-10-12 09:09:56.237 ERROR o.s.b.diagnostics.LoggingFailureAnalysisReporter  :40   [32m                  [0;39m 

***************************
APPLICATION FAILED TO START
***************************

Description:

Your project setup is incompatible with our requirements due to following reasons:

- Spring Boot [3.1.4] is not compatible with this Spring Cloud release train


Action:

Consider applying the following actions:

- Change Spring Boot version to one of the following versions [3.0.x] .
You can find the latest Spring Boot versions here [https://spring.io/projects/spring-boot#learn]. 
If you want to learn more about the Spring Cloud Release train compatibility, you can visit this page [https://spring.io/projects/spring-cloud#overview] and check the [Release Trains] section.
If you want to disable this check, just set the property [spring.cloud.compatibility-verifier.enabled=false]


2023-10-12 09:11:17.938 WARN  com.alibaba.nacos.client.logging.NacosLogging     :64   [32m                  [0;39m Load Logback Configuration of Nacos fail, message: Could not initialize Logback Nacos logging from classpath:nacos-logback.xml
2023-10-12 09:11:17.946 INFO  org.hibernate.validator.internal.util.Version     :21   [32m                  [0;39m HV000001: Hibernate Validator 8.0.1.Final
2023-10-12 09:11:17.992 WARN  com.alibaba.nacos.client.logging.NacosLogging     :64   [32m                  [0;39m Load Logback Configuration of Nacos fail, message: Could not initialize Logback Nacos logging from classpath:nacos-logback.xml
2023-10-12 09:11:18.000 INFO  top.lxyi.share.user.config.UserApplication        :51   [32m                  [0;39m Starting UserApplication using Java 17.0.6 with PID 8824 (E:\2242-wei\share-api\share-user\target\classes started by 17161 in E:\2242-wei\share-api)
2023-10-12 09:11:18.001 INFO  top.lxyi.share.user.config.UserApplication        :637  [32m                  [0;39m No active profile set, falling back to 1 default profile: "default"
2023-10-12 09:11:18.657 INFO  o.springframework.cloud.context.scope.GenericScope:282  [32m                  [0;39m BeanFactory id=718635c2-4391-3cde-91c4-406373e8ef04
2023-10-12 09:11:19.094 INFO  o.s.boot.web.embedded.tomcat.TomcatWebServer      :108  [32m                  [0;39m Tomcat initialized with port(s): 8001 (http)
2023-10-12 09:11:19.101 INFO  org.apache.coyote.http11.Http11NioProtocol        :173  [32m                  [0;39m Initializing ProtocolHandler ["http-nio-8001"]
2023-10-12 09:11:19.103 INFO  org.apache.catalina.core.StandardService          :173  [32m                  [0;39m Starting service [Tomcat]
2023-10-12 09:11:19.104 INFO  org.apache.catalina.core.StandardEngine           :173  [32m                  [0;39m Starting Servlet engine: [Apache Tomcat/10.1.13]
2023-10-12 09:11:19.184 INFO  o.a.c.core.ContainerBase.[Tomcat].[localhost].[/] :173  [32m                  [0;39m Initializing Spring embedded WebApplicationContext
2023-10-12 09:11:19.184 INFO  o.s.b.w.s.c.ServletWebServerApplicationContext    :291  [32m                  [0;39m Root WebApplicationContext: initialization completed in 1143 ms
2023-10-12 09:11:19.520 INFO  top.lxyi.share.common.aspect.LogAspect            :30   [32m                  [0;39m logAspect
2023-10-12 09:11:20.486 WARN  o.s.b.w.s.c.AnnotationConfigServletWebServerApplicationContext:616  [32m                  [0;39m Exception encountered during context initialization - cancelling refresh attempt: org.springframework.beans.factory.BeanCreationException: Error creating bean with name 'compositeCompatibilityVerifier' defined in class path resource [org/springframework/cloud/configuration/CompatibilityVerifierAutoConfiguration.class]: Failed to instantiate [org.springframework.cloud.configuration.CompositeCompatibilityVerifier]: Factory method 'compositeCompatibilityVerifier' threw exception with message: Spring Cloud/ Spring Boot version compatibility checks have failed: [[VerificationResult@3a88f6fb description = 'Spring Boot [3.1.4] is not compatible with this Spring Cloud release train', action = 'Change Spring Boot version to one of the following versions [3.0.x] .
You can find the latest Spring Boot versions here [https://spring.io/projects/spring-boot#learn]. 
If you want to learn more about the Spring Cloud Release train compatibility, you can visit this page [https://spring.io/projects/spring-cloud#overview] and check the [Release Trains] section.
If you want to disable this check, just set the property [spring.cloud.compatibility-verifier.enabled=false]']]
2023-10-12 09:11:20.489 INFO  org.apache.catalina.core.StandardService          :173  [32m                  [0;39m Stopping service [Tomcat]
2023-10-12 09:11:20.502 INFO  o.s.b.a.logging.ConditionEvaluationReportLogger   :82   [32m                  [0;39m 

Error starting ApplicationContext. To display the condition evaluation report re-run your application with 'debug' enabled.
2023-10-12 09:11:20.517 ERROR o.s.b.diagnostics.LoggingFailureAnalysisReporter  :40   [32m                  [0;39m 

***************************
APPLICATION FAILED TO START
***************************

Description:

Your project setup is incompatible with our requirements due to following reasons:

- Spring Boot [3.1.4] is not compatible with this Spring Cloud release train


Action:

Consider applying the following actions:

- Change Spring Boot version to one of the following versions [3.0.x] .
You can find the latest Spring Boot versions here [https://spring.io/projects/spring-boot#learn]. 
If you want to learn more about the Spring Cloud Release train compatibility, you can visit this page [https://spring.io/projects/spring-cloud#overview] and check the [Release Trains] section.
If you want to disable this check, just set the property [spring.cloud.compatibility-verifier.enabled=false]


2023-10-12 09:25:07.959 WARN  com.alibaba.nacos.client.logging.NacosLogging     :64   [32m                  [0;39m Load Logback Configuration of Nacos fail, message: Could not initialize Logback Nacos logging from classpath:nacos-logback.xml
2023-10-12 09:25:07.969 INFO  org.hibernate.validator.internal.util.Version     :21   [32m                  [0;39m HV000001: Hibernate Validator 8.0.1.Final
2023-10-12 09:25:08.008 WARN  com.alibaba.nacos.client.logging.NacosLogging     :64   [32m                  [0;39m Load Logback Configuration of Nacos fail, message: Could not initialize Logback Nacos logging from classpath:nacos-logback.xml
2023-10-12 09:25:08.015 INFO  top.lxyi.share.user.config.UserApplication        :51   [32m                  [0;39m Starting UserApplication using Java 17.0.6 with PID 18988 (E:\2242-wei\share-api\share-user\target\classes started by 17161 in E:\2242-wei\share-api)
2023-10-12 09:25:08.016 INFO  top.lxyi.share.user.config.UserApplication        :637  [32m                  [0;39m No active profile set, falling back to 1 default profile: "default"
2023-10-12 09:25:08.627 INFO  o.springframework.cloud.context.scope.GenericScope:282  [32m                  [0;39m BeanFactory id=c9b23d8c-b440-371e-8b01-3ce3f754e5ab
2023-10-12 09:25:09.032 INFO  o.s.boot.web.embedded.tomcat.TomcatWebServer      :108  [32m                  [0;39m Tomcat initialized with port(s): 8001 (http)
2023-10-12 09:25:09.038 INFO  org.apache.coyote.http11.Http11NioProtocol        :173  [32m                  [0;39m Initializing ProtocolHandler ["http-nio-8001"]
2023-10-12 09:25:09.040 INFO  org.apache.catalina.core.StandardService          :173  [32m                  [0;39m Starting service [Tomcat]
2023-10-12 09:25:09.040 INFO  org.apache.catalina.core.StandardEngine           :173  [32m                  [0;39m Starting Servlet engine: [Apache Tomcat/10.1.13]
2023-10-12 09:25:09.117 INFO  o.a.c.core.ContainerBase.[Tomcat].[localhost].[/] :173  [32m                  [0;39m Initializing Spring embedded WebApplicationContext
2023-10-12 09:25:09.118 INFO  o.s.b.w.s.c.ServletWebServerApplicationContext    :291  [32m                  [0;39m Root WebApplicationContext: initialization completed in 1060 ms
2023-10-12 09:25:09.441 INFO  top.lxyi.share.common.aspect.LogAspect            :30   [32m                  [0;39m logAspect
2023-10-12 09:25:10.448 WARN  o.s.b.w.s.c.AnnotationConfigServletWebServerApplicationContext:616  [32m                  [0;39m Exception encountered during context initialization - cancelling refresh attempt: org.springframework.beans.factory.BeanCreationException: Error creating bean with name 'compositeCompatibilityVerifier' defined in class path resource [org/springframework/cloud/configuration/CompatibilityVerifierAutoConfiguration.class]: Failed to instantiate [org.springframework.cloud.configuration.CompositeCompatibilityVerifier]: Factory method 'compositeCompatibilityVerifier' threw exception with message: Spring Cloud/ Spring Boot version compatibility checks have failed: [[VerificationResult@3866c96e description = 'Spring Boot [3.1.4] is not compatible with this Spring Cloud release train', action = 'Change Spring Boot version to one of the following versions [3.0.x] .
You can find the latest Spring Boot versions here [https://spring.io/projects/spring-boot#learn]. 
If you want to learn more about the Spring Cloud Release train compatibility, you can visit this page [https://spring.io/projects/spring-cloud#overview] and check the [Release Trains] section.
If you want to disable this check, just set the property [spring.cloud.compatibility-verifier.enabled=false]']]
2023-10-12 09:25:10.451 INFO  org.apache.catalina.core.StandardService          :173  [32m                  [0;39m Stopping service [Tomcat]
2023-10-12 09:25:10.461 INFO  o.s.b.a.logging.ConditionEvaluationReportLogger   :82   [32m                  [0;39m 

Error starting ApplicationContext. To display the condition evaluation report re-run your application with 'debug' enabled.
2023-10-12 09:25:10.472 ERROR o.s.b.diagnostics.LoggingFailureAnalysisReporter  :40   [32m                  [0;39m 

***************************
APPLICATION FAILED TO START
***************************

Description:

Your project setup is incompatible with our requirements due to following reasons:

- Spring Boot [3.1.4] is not compatible with this Spring Cloud release train


Action:

Consider applying the following actions:

- Change Spring Boot version to one of the following versions [3.0.x] .
You can find the latest Spring Boot versions here [https://spring.io/projects/spring-boot#learn]. 
If you want to learn more about the Spring Cloud Release train compatibility, you can visit this page [https://spring.io/projects/spring-cloud#overview] and check the [Release Trains] section.
If you want to disable this check, just set the property [spring.cloud.compatibility-verifier.enabled=false]


2023-10-12 09:55:19.146 WARN  com.alibaba.nacos.client.logging.NacosLogging     :64   [32m                  [0;39m Load Logback Configuration of Nacos fail, message: Could not initialize Logback Nacos logging from classpath:nacos-logback.xml
2023-10-12 09:55:19.159 INFO  org.hibernate.validator.internal.util.Version     :21   [32m                  [0;39m HV000001: Hibernate Validator 8.0.1.Final
2023-10-12 09:55:19.204 WARN  com.alibaba.nacos.client.logging.NacosLogging     :64   [32m                  [0;39m Load Logback Configuration of Nacos fail, message: Could not initialize Logback Nacos logging from classpath:nacos-logback.xml
2023-10-12 09:55:19.213 INFO  top.lxyi.share.user.config.UserApplication        :51   [32m                  [0;39m Starting UserApplication using Java 17.0.6 with PID 27732 (E:\2242-wei\share-api\share-user\target\classes started by 17161 in E:\2242-wei\share-api)
2023-10-12 09:55:19.214 INFO  top.lxyi.share.user.config.UserApplication        :637  [32m                  [0;39m No active profile set, falling back to 1 default profile: "default"
2023-10-12 09:55:19.926 INFO  o.springframework.cloud.context.scope.GenericScope:282  [32m                  [0;39m BeanFactory id=4a297951-084f-3709-8b52-22d2d6ea6339
2023-10-12 09:55:20.376 INFO  o.s.boot.web.embedded.tomcat.TomcatWebServer      :108  [32m                  [0;39m Tomcat initialized with port(s): 8001 (http)
2023-10-12 09:55:20.384 INFO  org.apache.coyote.http11.Http11NioProtocol        :173  [32m                  [0;39m Initializing ProtocolHandler ["http-nio-8001"]
2023-10-12 09:55:20.386 INFO  org.apache.catalina.core.StandardService          :173  [32m                  [0;39m Starting service [Tomcat]
2023-10-12 09:55:20.386 INFO  org.apache.catalina.core.StandardEngine           :173  [32m                  [0;39m Starting Servlet engine: [Apache Tomcat/10.1.13]
2023-10-12 09:55:20.469 INFO  o.a.c.core.ContainerBase.[Tomcat].[localhost].[/] :173  [32m                  [0;39m Initializing Spring embedded WebApplicationContext
2023-10-12 09:55:20.470 INFO  o.s.b.w.s.c.ServletWebServerApplicationContext    :291  [32m                  [0;39m Root WebApplicationContext: initialization completed in 1215 ms
2023-10-12 09:55:20.881 INFO  top.lxyi.share.common.aspect.LogAspect            :30   [32m                  [0;39m logAspect
2023-10-12 09:55:22.028 WARN  o.s.b.w.s.c.AnnotationConfigServletWebServerApplicationContext:616  [32m                  [0;39m Exception encountered during context initialization - cancelling refresh attempt: org.springframework.beans.factory.BeanCreationException: Error creating bean with name 'compositeCompatibilityVerifier' defined in class path resource [org/springframework/cloud/configuration/CompatibilityVerifierAutoConfiguration.class]: Failed to instantiate [org.springframework.cloud.configuration.CompositeCompatibilityVerifier]: Factory method 'compositeCompatibilityVerifier' threw exception with message: Spring Cloud/ Spring Boot version compatibility checks have failed: [[VerificationResult@d120d7c description = 'Spring Boot [3.1.4] is not compatible with this Spring Cloud release train', action = 'Change Spring Boot version to one of the following versions [3.0.x] .
You can find the latest Spring Boot versions here [https://spring.io/projects/spring-boot#learn]. 
If you want to learn more about the Spring Cloud Release train compatibility, you can visit this page [https://spring.io/projects/spring-cloud#overview] and check the [Release Trains] section.
If you want to disable this check, just set the property [spring.cloud.compatibility-verifier.enabled=false]']]
2023-10-12 09:55:22.032 INFO  org.apache.catalina.core.StandardService          :173  [32m                  [0;39m Stopping service [Tomcat]
2023-10-12 09:55:22.045 INFO  o.s.b.a.logging.ConditionEvaluationReportLogger   :82   [32m                  [0;39m 

Error starting ApplicationContext. To display the condition evaluation report re-run your application with 'debug' enabled.
2023-10-12 09:55:22.061 ERROR o.s.b.diagnostics.LoggingFailureAnalysisReporter  :40   [32m                  [0;39m 

***************************
APPLICATION FAILED TO START
***************************

Description:

Your project setup is incompatible with our requirements due to following reasons:

- Spring Boot [3.1.4] is not compatible with this Spring Cloud release train


Action:

Consider applying the following actions:

- Change Spring Boot version to one of the following versions [3.0.x] .
You can find the latest Spring Boot versions here [https://spring.io/projects/spring-boot#learn]. 
If you want to learn more about the Spring Cloud Release train compatibility, you can visit this page [https://spring.io/projects/spring-cloud#overview] and check the [Release Trains] section.
If you want to disable this check, just set the property [spring.cloud.compatibility-verifier.enabled=false]


2023-10-12 09:57:42.743 WARN  com.alibaba.nacos.client.logging.NacosLogging     :64   [32m                  [0;39m Load Logback Configuration of Nacos fail, message: Could not initialize Logback Nacos logging from classpath:nacos-logback.xml
2023-10-12 09:57:42.753 INFO  org.hibernate.validator.internal.util.Version     :21   [32m                  [0;39m HV000001: Hibernate Validator 8.0.1.Final
2023-10-12 09:57:42.800 WARN  com.alibaba.nacos.client.logging.NacosLogging     :64   [32m                  [0;39m Load Logback Configuration of Nacos fail, message: Could not initialize Logback Nacos logging from classpath:nacos-logback.xml
2023-10-12 09:57:42.810 INFO  top.lxyi.share.user.config.UserApplication        :51   [32m                  [0;39m Starting UserApplication using Java 17.0.6 with PID 7244 (E:\2242-wei\share-api\share-user\target\classes started by 17161 in E:\2242-wei\share-api)
2023-10-12 09:57:42.811 INFO  top.lxyi.share.user.config.UserApplication        :637  [32m                  [0;39m No active profile set, falling back to 1 default profile: "default"
2023-10-12 09:57:43.511 INFO  o.springframework.cloud.context.scope.GenericScope:282  [32m                  [0;39m BeanFactory id=4a297951-084f-3709-8b52-22d2d6ea6339
2023-10-12 09:57:43.938 INFO  o.s.boot.web.embedded.tomcat.TomcatWebServer      :108  [32m                  [0;39m Tomcat initialized with port(s): 8001 (http)
2023-10-12 09:57:43.944 INFO  org.apache.coyote.http11.Http11NioProtocol        :173  [32m                  [0;39m Initializing ProtocolHandler ["http-nio-8001"]
2023-10-12 09:57:43.946 INFO  org.apache.catalina.core.StandardService          :173  [32m                  [0;39m Starting service [Tomcat]
2023-10-12 09:57:43.946 INFO  org.apache.catalina.core.StandardEngine           :173  [32m                  [0;39m Starting Servlet engine: [Apache Tomcat/10.1.13]
2023-10-12 09:57:44.019 INFO  o.a.c.core.ContainerBase.[Tomcat].[localhost].[/] :173  [32m                  [0;39m Initializing Spring embedded WebApplicationContext
2023-10-12 09:57:44.020 INFO  o.s.b.w.s.c.ServletWebServerApplicationContext    :291  [32m                  [0;39m Root WebApplicationContext: initialization completed in 1164 ms
2023-10-12 09:57:44.409 INFO  top.lxyi.share.common.aspect.LogAspect            :30   [32m                  [0;39m logAspect
2023-10-12 09:57:45.558 WARN  o.s.b.w.s.c.AnnotationConfigServletWebServerApplicationContext:616  [32m                  [0;39m Exception encountered during context initialization - cancelling refresh attempt: org.springframework.beans.factory.BeanCreationException: Error creating bean with name 'compositeCompatibilityVerifier' defined in class path resource [org/springframework/cloud/configuration/CompatibilityVerifierAutoConfiguration.class]: Failed to instantiate [org.springframework.cloud.configuration.CompositeCompatibilityVerifier]: Factory method 'compositeCompatibilityVerifier' threw exception with message: Spring Cloud/ Spring Boot version compatibility checks have failed: [[VerificationResult@30c7be6f description = 'Spring Boot [3.1.4] is not compatible with this Spring Cloud release train', action = 'Change Spring Boot version to one of the following versions [3.0.x] .
You can find the latest Spring Boot versions here [https://spring.io/projects/spring-boot#learn]. 
If you want to learn more about the Spring Cloud Release train compatibility, you can visit this page [https://spring.io/projects/spring-cloud#overview] and check the [Release Trains] section.
If you want to disable this check, just set the property [spring.cloud.compatibility-verifier.enabled=false]']]
2023-10-12 09:57:45.562 INFO  org.apache.catalina.core.StandardService          :173  [32m                  [0;39m Stopping service [Tomcat]
2023-10-12 09:57:45.574 INFO  o.s.b.a.logging.ConditionEvaluationReportLogger   :82   [32m                  [0;39m 

Error starting ApplicationContext. To display the condition evaluation report re-run your application with 'debug' enabled.
2023-10-12 09:57:45.588 ERROR o.s.b.diagnostics.LoggingFailureAnalysisReporter  :40   [32m                  [0;39m 

***************************
APPLICATION FAILED TO START
***************************

Description:

Your project setup is incompatible with our requirements due to following reasons:

- Spring Boot [3.1.4] is not compatible with this Spring Cloud release train


Action:

Consider applying the following actions:

- Change Spring Boot version to one of the following versions [3.0.x] .
You can find the latest Spring Boot versions here [https://spring.io/projects/spring-boot#learn]. 
If you want to learn more about the Spring Cloud Release train compatibility, you can visit this page [https://spring.io/projects/spring-cloud#overview] and check the [Release Trains] section.
If you want to disable this check, just set the property [spring.cloud.compatibility-verifier.enabled=false]


2023-10-12 10:09:10.165 WARN  com.alibaba.nacos.client.logging.NacosLogging     :64   [32m                  [0;39m Load Logback Configuration of Nacos fail, message: Could not initialize Logback Nacos logging from classpath:nacos-logback.xml
2023-10-12 10:09:10.175 INFO  org.hibernate.validator.internal.util.Version     :21   [32m                  [0;39m HV000001: Hibernate Validator 8.0.0.Final
2023-10-12 10:09:10.214 WARN  com.alibaba.nacos.client.logging.NacosLogging     :64   [32m                  [0;39m Load Logback Configuration of Nacos fail, message: Could not initialize Logback Nacos logging from classpath:nacos-logback.xml
2023-10-12 10:09:10.222 INFO  top.lxyi.share.user.config.UserApplication        :51   [32m                  [0;39m Starting UserApplication using Java 17.0.6 with PID 29120 (E:\2242-wei\share-api\share-user\target\classes started by 17161 in E:\2242-wei\share-api)
2023-10-12 10:09:10.223 INFO  top.lxyi.share.user.config.UserApplication        :630  [32m                  [0;39m No active profile set, falling back to 1 default profile: "default"
2023-10-12 10:09:10.851 INFO  o.springframework.cloud.context.scope.GenericScope:282  [32m                  [0;39m BeanFactory id=bc9b2903-0434-31af-9376-8c69f0e5e18e
2023-10-12 10:09:11.214 INFO  o.s.boot.web.embedded.tomcat.TomcatWebServer      :108  [32m                  [0;39m Tomcat initialized with port(s): 8001 (http)
2023-10-12 10:09:11.222 INFO  org.apache.coyote.http11.Http11NioProtocol        :173  [32m                  [0;39m Initializing ProtocolHandler ["http-nio-8001"]
2023-10-12 10:09:11.223 INFO  org.apache.catalina.core.StandardService          :173  [32m                  [0;39m Starting service [Tomcat]
2023-10-12 10:09:11.223 INFO  org.apache.catalina.core.StandardEngine           :173  [32m                  [0;39m Starting Servlet engine: [Apache Tomcat/10.1.5]
2023-10-12 10:09:11.292 INFO  o.a.c.core.ContainerBase.[Tomcat].[localhost].[/] :173  [32m                  [0;39m Initializing Spring embedded WebApplicationContext
2023-10-12 10:09:11.293 INFO  o.s.b.w.s.c.ServletWebServerApplicationContext    :291  [32m                  [0;39m Root WebApplicationContext: initialization completed in 1026 ms
2023-10-12 10:09:11.581 INFO  top.lxyi.share.common.aspect.LogAspect            :30   [32m                  [0;39m logAspect
2023-10-12 10:09:12.506 WARN  com.alibaba.nacos.client.logging.NacosLogging     :64   [32m                  [0;39m Load Logback Configuration of Nacos fail, message: Could not initialize Logback Nacos logging from classpath:nacos-logback.xml
2023-10-12 10:09:12.506 INFO  com.alibaba.nacos.client.naming                   :62   [32m                  [0;39m initializer namespace from ans.namespace attribute : null
2023-10-12 10:09:12.507 INFO  com.alibaba.nacos.client.naming                   :66   [32m                  [0;39m initializer namespace from ALIBABA_ALIWARE_NAMESPACE attribute :null
2023-10-12 10:09:12.507 INFO  com.alibaba.nacos.client.naming                   :73   [32m                  [0;39m initializer namespace from namespace attribute :null
2023-10-12 10:09:12.526 INFO  com.alibaba.nacos.client.utils.ParamUtil          :87   [32m                  [0;39m [settings] [req-serv] nacos-server port:8848
2023-10-12 10:09:12.527 INFO  com.alibaba.nacos.client.utils.ParamUtil          :98   [32m                  [0;39m [settings] [http-client] connect timeout:1000
2023-10-12 10:09:12.527 INFO  com.alibaba.nacos.client.utils.ParamUtil          :105  [32m                  [0;39m PER_TASK_CONFIG_SIZE: 3000.0
2023-10-12 10:09:12.531 INFO  c.a.n.p.auth.spi.client.ClientAuthPluginManager   :56   [32m                  [0;39m [ClientAuthPluginManager] Load ClientAuthService com.alibaba.nacos.client.auth.impl.NacosClientAuthServiceImpl success.
2023-10-12 10:09:12.531 INFO  c.a.n.p.auth.spi.client.ClientAuthPluginManager   :56   [32m                  [0;39m [ClientAuthPluginManager] Load ClientAuthService com.alibaba.nacos.client.auth.ram.RamClientAuthServiceImpl success.
2023-10-12 10:09:12.534 INFO  c.a.n.client.auth.ram.identify.CredentialWatcher  :165  [32m                  [0;39m null No credential found
2023-10-12 10:09:12.542 INFO  com.alibaba.nacos.common.remote.client            :108  [32m                  [0;39m [RpcClientFactory] create a new rpc client of 6ea16e35-3170-48eb-9142-cf29d8b1a296
2023-10-12 10:09:12.555 INFO  com.alibaba.nacos.common.remote.client            :63   [32m                  [0;39m [6ea16e35-3170-48eb-9142-cf29d8b1a296] RpcClient init, ServerListFactory = com.alibaba.nacos.client.naming.core.ServerListManager
2023-10-12 10:09:12.555 INFO  com.alibaba.nacos.common.remote.client            :63   [32m                  [0;39m [6ea16e35-3170-48eb-9142-cf29d8b1a296] Registry connection listener to current client:com.alibaba.nacos.client.naming.remote.gprc.redo.NamingGrpcRedoService
2023-10-12 10:09:12.555 INFO  com.alibaba.nacos.common.remote.client            :63   [32m                  [0;39m [6ea16e35-3170-48eb-9142-cf29d8b1a296] Register server push request handler:com.alibaba.nacos.client.naming.remote.gprc.NamingPushRequestHandler
2023-10-12 10:09:12.557 INFO  com.alibaba.nacos.common.remote.client            :63   [32m                  [0;39m [6ea16e35-3170-48eb-9142-cf29d8b1a296] Try to connect to server on start up, server: {serverIp = 'localhost', server main port = 8848}
2023-10-12 10:09:12.582 INFO  c.a.nacos.common.remote.client.grpc.GrpcClient    :182  [32m                  [0;39m grpc client connection server:localhost ip,serverPort:9848,grpcTslConfig:{"sslProvider":"OPENSSL","enableTls":false,"mutualAuthEnable":false,"trustAll":false}
2023-10-12 10:09:13.476 INFO  com.alibaba.nacos.common.remote.client            :63   [32m                  [0;39m [6ea16e35-3170-48eb-9142-cf29d8b1a296] Success to connect to server [localhost:8848] on start up, connectionId = 1697076553244_127.0.0.1_50587
2023-10-12 10:09:13.476 INFO  com.alibaba.nacos.common.remote.client            :63   [32m                  [0;39m [6ea16e35-3170-48eb-9142-cf29d8b1a296] Notify connected event to listeners.
2023-10-12 10:09:13.476 INFO  com.alibaba.nacos.client.naming                   :78   [32m                  [0;39m Grpc connection connect
2023-10-12 10:09:13.476 INFO  com.alibaba.nacos.common.remote.client            :63   [32m                  [0;39m [6ea16e35-3170-48eb-9142-cf29d8b1a296] Register server push request handler:com.alibaba.nacos.common.remote.client.RpcClient$ConnectResetRequestHandler
2023-10-12 10:09:13.477 INFO  com.alibaba.nacos.common.remote.client            :63   [32m                  [0;39m [6ea16e35-3170-48eb-9142-cf29d8b1a296] Register server push request handler:com.alibaba.nacos.common.remote.client.RpcClient$$Lambda$1001/0x000000080131fda0
2023-10-12 10:09:13.478 INFO  com.alibaba.nacos.client.naming                   :167  [32m                  [0;39m [SUBSCRIBE-SERVICE] service:user-service, group:myGroup, clusters:DEFAULT 
2023-10-12 10:09:13.531 INFO  com.alibaba.nacos.client.naming                   :184  [32m                  [0;39m init new ips(0) service: myGroup@@user-service@@DEFAULT -> []
2023-10-12 10:09:13.542 INFO  com.alibaba.nacos.client.naming                   :169  [32m                  [0;39m current ips:(0) service: myGroup@@user-service@@DEFAULT -> []
2023-10-12 10:09:13.546 INFO  org.apache.coyote.http11.Http11NioProtocol        :173  [32m                  [0;39m Starting ProtocolHandler ["http-nio-8001"]
2023-10-12 10:09:13.555 INFO  o.s.boot.web.embedded.tomcat.TomcatWebServer      :220  [32m                  [0;39m Tomcat started on port(s): 8001 (http) with context path ''
2023-10-12 10:09:13.557 INFO  com.alibaba.nacos.client.naming                   :121  [32m                  [0;39m [REGISTER-SERVICE] dev registering service user-service with instance Instance{instanceId='null', ip='10.22.242.102', port=8001, weight=1.0, healthy=true, enabled=true, ephemeral=true, clusterName='DEFAULT', serviceName='null', metadata={preserved.heart.beat.timeout=15000, preserved.register.source=SPRING_CLOUD, IPv6=null, myData=abc, preserved.heart.beat.interval=5000}}
2023-10-12 10:09:13.578 INFO  c.a.cloud.nacos.registry.NacosServiceRegistry     :76   [32m                  [0;39m nacos registry, myGroup user-service 10.22.242.102:8001 register finished
2023-10-12 10:09:13.758 INFO  top.lxyi.share.user.config.UserApplication        :57   [32m                  [0;39m Started UserApplication in 4.125 seconds (process running for 4.636)
2023-10-12 10:09:13.761 INFO  top.lxyi.share.user.config.UserApplication        :18   [32m                  [0;39m å¯åŠ¨æˆåŠŸï¼ï¼
2023-10-12 10:09:13.761 INFO  top.lxyi.share.user.config.UserApplication        :19   [32m                  [0;39m æµ‹è¯•åœ°å€ï¼šhttp://127.0.0.1:8001null/hello
2023-10-12 10:09:14.435 INFO  com.alibaba.nacos.common.remote.client            :63   [32m                  [0;39m [6ea16e35-3170-48eb-9142-cf29d8b1a296] Receive server push request, request = NotifySubscriberRequest, requestId = 1
2023-10-12 10:09:14.437 INFO  com.alibaba.nacos.client.naming                   :235  [32m                  [0;39m new ips(1) service: myGroup@@user-service@@DEFAULT -> [{"ip":"10.22.242.102","port":8001,"weight":1.0,"healthy":true,"enabled":true,"ephemeral":true,"clusterName":"DEFAULT","serviceName":"myGroup@@user-service","metadata":{"preserved.heart.beat.timeout":"15000","preserved.register.source":"SPRING_CLOUD","myData":"abc","preserved.heart.beat.interval":"5000"},"ipDeleteTimeout":30000,"instanceHeartBeatInterval":5000,"instanceHeartBeatTimeOut":15000}]
2023-10-12 10:09:14.437 INFO  com.alibaba.nacos.client.naming                   :169  [32m                  [0;39m current ips:(1) service: myGroup@@user-service@@DEFAULT -> [{"ip":"10.22.242.102","port":8001,"weight":1.0,"healthy":true,"enabled":true,"ephemeral":true,"clusterName":"DEFAULT","serviceName":"myGroup@@user-service","metadata":{"preserved.heart.beat.timeout":"15000","preserved.register.source":"SPRING_CLOUD","myData":"abc","preserved.heart.beat.interval":"5000"},"ipDeleteTimeout":30000,"instanceHeartBeatInterval":5000,"instanceHeartBeatTimeOut":15000}]
2023-10-12 10:09:14.440 INFO  com.alibaba.nacos.common.remote.client            :63   [32m                  [0;39m [6ea16e35-3170-48eb-9142-cf29d8b1a296] Ack server push request, request = NotifySubscriberRequest, requestId = 1
2023-10-12 10:44:18.889 WARN  c.alibaba.nacos.common.http.HttpClientBeanHolder  :102  [32m                  [0;39m [HttpClientBeanHolder] Start destroying common HttpClient
2023-10-12 10:44:18.889 WARN  com.alibaba.nacos.common.notify.NotifyCenter      :136  [32m                  [0;39m [NotifyCenter] Start destroying Publisher
2023-10-12 10:44:18.891 WARN  com.alibaba.nacos.common.notify.NotifyCenter      :153  [32m                  [0;39m [NotifyCenter] Destruction of the end
2023-10-12 10:44:18.891 WARN  c.alibaba.nacos.common.http.HttpClientBeanHolder  :111  [32m                  [0;39m [HttpClientBeanHolder] Destruction of the end
2023-10-12 10:44:18.918 INFO  c.a.cloud.nacos.registry.NacosServiceRegistry     :95   [32m                  [0;39m De-registering from Nacos Server now...
2023-10-12 10:44:18.918 INFO  com.alibaba.nacos.client.naming                   :217  [32m                  [0;39m [DEREGISTER-SERVICE] dev deregistering service user-service with instance: Instance{instanceId='null', ip='10.22.242.102', port=8001, weight=1.0, healthy=true, enabled=true, ephemeral=true, clusterName='DEFAULT', serviceName='null', metadata={}}
2023-10-12 10:44:18.920 INFO  c.a.cloud.nacos.registry.NacosServiceRegistry     :115  [32m                  [0;39m De-registration finished.
2023-10-12 10:44:18.921 INFO  com.alibaba.nacos.client.naming                   :256  [32m                  [0;39m com.alibaba.nacos.client.naming.cache.ServiceInfoHolder do shutdown begin
2023-10-12 10:44:18.921 INFO  com.alibaba.nacos.client.naming                   :136  [32m                  [0;39m com.alibaba.nacos.client.naming.backups.FailoverReactor do shutdown begin
2023-10-12 10:44:18.921 INFO  com.alibaba.nacos.client.naming                   :138  [32m                  [0;39m com.alibaba.nacos.client.naming.backups.FailoverReactor do shutdown stop
2023-10-12 10:44:18.921 INFO  com.alibaba.nacos.client.naming                   :258  [32m                  [0;39m com.alibaba.nacos.client.naming.cache.ServiceInfoHolder do shutdown stop
2023-10-12 10:44:18.921 INFO  com.alibaba.nacos.client.naming                   :204  [32m                  [0;39m com.alibaba.nacos.client.naming.remote.NamingClientProxyDelegate do shutdown begin
2023-10-12 10:44:18.921 INFO  com.alibaba.nacos.client.naming                   :143  [32m                  [0;39m com.alibaba.nacos.client.naming.core.ServiceInfoUpdateService do shutdown begin
2023-10-12 10:44:18.921 INFO  com.alibaba.nacos.client.naming                   :145  [32m                  [0;39m com.alibaba.nacos.client.naming.core.ServiceInfoUpdateService do shutdown stop
2023-10-12 10:44:18.921 INFO  com.alibaba.nacos.client.naming                   :194  [32m                  [0;39m com.alibaba.nacos.client.naming.core.ServerListManager do shutdown begin
2023-10-12 10:44:18.921 WARN  com.alibaba.nacos.client.naming                   :74   [32m                  [0;39m [NamingHttpClientManager] Start destroying NacosRestTemplate
2023-10-12 10:44:18.922 WARN  com.alibaba.nacos.client.naming                   :81   [32m                  [0;39m [NamingHttpClientManager] Destruction of the end
2023-10-12 10:44:18.922 INFO  com.alibaba.nacos.client.naming                   :199  [32m                  [0;39m com.alibaba.nacos.client.naming.core.ServerListManager do shutdown stop
2023-10-12 10:44:18.922 INFO  com.alibaba.nacos.client.naming                   :484  [32m                  [0;39m com.alibaba.nacos.client.naming.remote.http.NamingHttpClientProxy do shutdown begin
2023-10-12 10:44:18.922 WARN  com.alibaba.nacos.client.naming                   :74   [32m                  [0;39m [NamingHttpClientManager] Start destroying NacosRestTemplate
2023-10-12 10:44:18.922 WARN  com.alibaba.nacos.client.naming                   :81   [32m                  [0;39m [NamingHttpClientManager] Destruction of the end
2023-10-12 10:44:18.922 INFO  com.alibaba.nacos.client.naming                   :486  [32m                  [0;39m com.alibaba.nacos.client.naming.remote.http.NamingHttpClientProxy do shutdown stop
2023-10-12 10:44:18.922 INFO  com.alibaba.nacos.common.remote.client            :429  [32m                  [0;39m Shutdown rpc client, set status to shutdown
2023-10-12 10:44:18.922 INFO  com.alibaba.nacos.common.remote.client            :431  [32m                  [0;39m Shutdown client event executor java.util.concurrent.ScheduledThreadPoolExecutor@65be3bd1[Running, pool size = 2, active threads = 2, queued tasks = 0, completed tasks = 0]
2023-10-12 10:44:18.922 INFO  com.alibaba.nacos.common.remote.client            :584  [32m                  [0;39m Close current connection 1697076553244_127.0.0.1_50587
2023-10-12 10:44:18.923 INFO  c.a.nacos.common.remote.client.grpc.GrpcClient    :63   [32m                  [0;39m [1697076553244_127.0.0.1_50587]Ignore complete event,isRunning:false,isAbandon=false
2023-10-12 10:44:18.925 INFO  c.a.nacos.common.remote.client.grpc.GrpcClient    :159  [32m                  [0;39m Shutdown grpc executor java.util.concurrent.ThreadPoolExecutor@4c09cc5e[Running, pool size = 5, active threads = 0, queued tasks = 0, completed tasks = 478]
2023-10-12 10:44:18.925 INFO  com.alibaba.nacos.client.naming                   :318  [32m                  [0;39m Shutdown grpc redo service executor java.util.concurrent.ScheduledThreadPoolExecutor@745b64a7[Running, pool size = 1, active threads = 0, queued tasks = 1, completed tasks = 700]
2023-10-12 10:44:18.926 INFO  c.a.n.client.auth.ram.identify.CredentialWatcher  :106  [32m                  [0;39m [null] CredentialWatcher is stopped
2023-10-12 10:44:18.926 INFO  c.a.n.client.auth.ram.identify.CredentialService  :100  [32m                  [0;39m [null] CredentialService is freed
2023-10-12 10:44:18.926 INFO  com.alibaba.nacos.client.naming                   :211  [32m                  [0;39m com.alibaba.nacos.client.naming.remote.NamingClientProxyDelegate do shutdown stop
2023-10-12 10:51:23.152 WARN  com.alibaba.nacos.client.logging.NacosLogging     :64   [32m                  [0;39m Load Logback Configuration of Nacos fail, message: Could not initialize Logback Nacos logging from classpath:nacos-logback.xml
2023-10-12 10:51:23.162 INFO  org.hibernate.validator.internal.util.Version     :21   [32m                  [0;39m HV000001: Hibernate Validator 8.0.0.Final
2023-10-12 10:51:23.217 WARN  com.alibaba.nacos.client.logging.NacosLogging     :64   [32m                  [0;39m Load Logback Configuration of Nacos fail, message: Could not initialize Logback Nacos logging from classpath:nacos-logback.xml
2023-10-12 10:51:23.227 INFO  top.lxyi.share.user.config.UserApplication        :51   [32m                  [0;39m Starting UserApplication using Java 17.0.6 with PID 1816 (E:\2242-wei\share-api\share-user\target\classes started by 17161 in E:\2242-wei\share-api)
2023-10-12 10:51:23.229 INFO  top.lxyi.share.user.config.UserApplication        :630  [32m                  [0;39m No active profile set, falling back to 1 default profile: "default"
2023-10-12 10:51:24.050 INFO  o.springframework.cloud.context.scope.GenericScope:282  [32m                  [0;39m BeanFactory id=bc9b2903-0434-31af-9376-8c69f0e5e18e
2023-10-12 10:51:24.543 INFO  o.s.boot.web.embedded.tomcat.TomcatWebServer      :108  [32m                  [0;39m Tomcat initialized with port(s): 8001 (http)
2023-10-12 10:51:24.552 INFO  org.apache.coyote.http11.Http11NioProtocol        :173  [32m                  [0;39m Initializing ProtocolHandler ["http-nio-8001"]
2023-10-12 10:51:24.553 INFO  org.apache.catalina.core.StandardService          :173  [32m                  [0;39m Starting service [Tomcat]
2023-10-12 10:51:24.553 INFO  org.apache.catalina.core.StandardEngine           :173  [32m                  [0;39m Starting Servlet engine: [Apache Tomcat/10.1.5]
2023-10-12 10:51:24.639 INFO  o.a.c.core.ContainerBase.[Tomcat].[localhost].[/] :173  [32m                  [0;39m Initializing Spring embedded WebApplicationContext
2023-10-12 10:51:24.640 INFO  o.s.b.w.s.c.ServletWebServerApplicationContext    :291  [32m                  [0;39m Root WebApplicationContext: initialization completed in 1360 ms
2023-10-12 10:51:25.008 INFO  top.lxyi.share.common.aspect.LogAspect            :30   [32m                  [0;39m logAspect
2023-10-12 10:51:26.155 WARN  com.alibaba.nacos.client.logging.NacosLogging     :64   [32m                  [0;39m Load Logback Configuration of Nacos fail, message: Could not initialize Logback Nacos logging from classpath:nacos-logback.xml
2023-10-12 10:51:26.155 INFO  com.alibaba.nacos.client.naming                   :62   [32m                  [0;39m initializer namespace from ans.namespace attribute : null
2023-10-12 10:51:26.155 INFO  com.alibaba.nacos.client.naming                   :66   [32m                  [0;39m initializer namespace from ALIBABA_ALIWARE_NAMESPACE attribute :null
2023-10-12 10:51:26.157 INFO  com.alibaba.nacos.client.naming                   :73   [32m                  [0;39m initializer namespace from namespace attribute :null
2023-10-12 10:51:26.177 INFO  com.alibaba.nacos.client.utils.ParamUtil          :87   [32m                  [0;39m [settings] [req-serv] nacos-server port:8848
2023-10-12 10:51:26.177 INFO  com.alibaba.nacos.client.utils.ParamUtil          :98   [32m                  [0;39m [settings] [http-client] connect timeout:1000
2023-10-12 10:51:26.179 INFO  com.alibaba.nacos.client.utils.ParamUtil          :105  [32m                  [0;39m PER_TASK_CONFIG_SIZE: 3000.0
2023-10-12 10:51:26.183 INFO  c.a.n.p.auth.spi.client.ClientAuthPluginManager   :56   [32m                  [0;39m [ClientAuthPluginManager] Load ClientAuthService com.alibaba.nacos.client.auth.impl.NacosClientAuthServiceImpl success.
2023-10-12 10:51:26.183 INFO  c.a.n.p.auth.spi.client.ClientAuthPluginManager   :56   [32m                  [0;39m [ClientAuthPluginManager] Load ClientAuthService com.alibaba.nacos.client.auth.ram.RamClientAuthServiceImpl success.
2023-10-12 10:51:26.186 INFO  c.a.n.client.auth.ram.identify.CredentialWatcher  :165  [32m                  [0;39m null No credential found
2023-10-12 10:51:26.195 INFO  com.alibaba.nacos.common.remote.client            :108  [32m                  [0;39m [RpcClientFactory] create a new rpc client of 826d3004-6997-40ac-bea4-529cdce86547
2023-10-12 10:51:26.211 INFO  com.alibaba.nacos.common.remote.client            :63   [32m                  [0;39m [826d3004-6997-40ac-bea4-529cdce86547] RpcClient init, ServerListFactory = com.alibaba.nacos.client.naming.core.ServerListManager
2023-10-12 10:51:26.211 INFO  com.alibaba.nacos.common.remote.client            :63   [32m                  [0;39m [826d3004-6997-40ac-bea4-529cdce86547] Registry connection listener to current client:com.alibaba.nacos.client.naming.remote.gprc.redo.NamingGrpcRedoService
2023-10-12 10:51:26.211 INFO  com.alibaba.nacos.common.remote.client            :63   [32m                  [0;39m [826d3004-6997-40ac-bea4-529cdce86547] Register server push request handler:com.alibaba.nacos.client.naming.remote.gprc.NamingPushRequestHandler
2023-10-12 10:51:26.213 INFO  com.alibaba.nacos.common.remote.client            :63   [32m                  [0;39m [826d3004-6997-40ac-bea4-529cdce86547] Try to connect to server on start up, server: {serverIp = 'localhost', server main port = 8848}
2023-10-12 10:51:26.242 INFO  c.a.nacos.common.remote.client.grpc.GrpcClient    :182  [32m                  [0;39m grpc client connection server:localhost ip,serverPort:9848,grpcTslConfig:{"sslProvider":"OPENSSL","enableTls":false,"mutualAuthEnable":false,"trustAll":false}
2023-10-12 10:51:27.100 INFO  com.alibaba.nacos.common.remote.client            :63   [32m                  [0;39m [826d3004-6997-40ac-bea4-529cdce86547] Success to connect to server [localhost:8848] on start up, connectionId = 1697079086922_127.0.0.1_60699
2023-10-12 10:51:27.101 INFO  com.alibaba.nacos.common.remote.client            :63   [32m                  [0;39m [826d3004-6997-40ac-bea4-529cdce86547] Notify connected event to listeners.
2023-10-12 10:51:27.101 INFO  com.alibaba.nacos.client.naming                   :78   [32m                  [0;39m Grpc connection connect
2023-10-12 10:51:27.101 INFO  com.alibaba.nacos.common.remote.client            :63   [32m                  [0;39m [826d3004-6997-40ac-bea4-529cdce86547] Register server push request handler:com.alibaba.nacos.common.remote.client.RpcClient$ConnectResetRequestHandler
2023-10-12 10:51:27.102 INFO  com.alibaba.nacos.common.remote.client            :63   [32m                  [0;39m [826d3004-6997-40ac-bea4-529cdce86547] Register server push request handler:com.alibaba.nacos.common.remote.client.RpcClient$$Lambda$1001/0x0000000801321f00
2023-10-12 10:51:27.104 INFO  com.alibaba.nacos.client.naming                   :167  [32m                  [0;39m [SUBSCRIBE-SERVICE] service:user-service, group:myGroup, clusters:DEFAULT 
2023-10-12 10:51:27.124 INFO  com.alibaba.nacos.client.naming                   :184  [32m                  [0;39m init new ips(0) service: myGroup@@user-service@@DEFAULT -> []
2023-10-12 10:51:27.135 INFO  com.alibaba.nacos.client.naming                   :169  [32m                  [0;39m current ips:(0) service: myGroup@@user-service@@DEFAULT -> []
2023-10-12 10:51:27.139 INFO  org.apache.coyote.http11.Http11NioProtocol        :173  [32m                  [0;39m Starting ProtocolHandler ["http-nio-8001"]
2023-10-12 10:51:27.151 INFO  o.s.boot.web.embedded.tomcat.TomcatWebServer      :220  [32m                  [0;39m Tomcat started on port(s): 8001 (http) with context path ''
2023-10-12 10:51:27.153 INFO  com.alibaba.nacos.client.naming                   :121  [32m                  [0;39m [REGISTER-SERVICE] dev registering service user-service with instance Instance{instanceId='null', ip='10.22.242.102', port=8001, weight=1.0, healthy=true, enabled=true, ephemeral=true, clusterName='DEFAULT', serviceName='null', metadata={preserved.heart.beat.timeout=15000, preserved.register.source=SPRING_CLOUD, IPv6=null, myData=abc, preserved.heart.beat.interval=5000}}
2023-10-12 10:51:27.162 INFO  c.a.cloud.nacos.registry.NacosServiceRegistry     :76   [32m                  [0;39m nacos registry, myGroup user-service 10.22.242.102:8001 register finished
2023-10-12 10:51:27.396 INFO  top.lxyi.share.user.config.UserApplication        :57   [32m                  [0;39m Started UserApplication in 4.843 seconds (process running for 5.343)
2023-10-12 10:51:27.399 INFO  top.lxyi.share.user.config.UserApplication        :18   [32m                  [0;39m å¯åŠ¨æˆåŠŸï¼ï¼
2023-10-12 10:51:27.400 INFO  top.lxyi.share.user.config.UserApplication        :19   [32m                  [0;39m æµ‹è¯•åœ°å€ï¼šhttp://127.0.0.1:8001null/hello
2023-10-12 10:51:27.641 INFO  com.alibaba.nacos.common.remote.client            :63   [32m                  [0;39m [826d3004-6997-40ac-bea4-529cdce86547] Receive server push request, request = NotifySubscriberRequest, requestId = 14
2023-10-12 10:51:27.643 INFO  com.alibaba.nacos.client.naming                   :235  [32m                  [0;39m new ips(1) service: myGroup@@user-service@@DEFAULT -> [{"ip":"10.22.242.102","port":8001,"weight":1.0,"healthy":true,"enabled":true,"ephemeral":true,"clusterName":"DEFAULT","serviceName":"myGroup@@user-service","metadata":{"preserved.heart.beat.timeout":"15000","preserved.register.source":"SPRING_CLOUD","myData":"abc","preserved.heart.beat.interval":"5000"},"ipDeleteTimeout":30000,"instanceHeartBeatTimeOut":15000,"instanceHeartBeatInterval":5000}]
2023-10-12 10:51:27.644 INFO  com.alibaba.nacos.client.naming                   :169  [32m                  [0;39m current ips:(1) service: myGroup@@user-service@@DEFAULT -> [{"ip":"10.22.242.102","port":8001,"weight":1.0,"healthy":true,"enabled":true,"ephemeral":true,"clusterName":"DEFAULT","serviceName":"myGroup@@user-service","metadata":{"preserved.heart.beat.timeout":"15000","preserved.register.source":"SPRING_CLOUD","myData":"abc","preserved.heart.beat.interval":"5000"},"ipDeleteTimeout":30000,"instanceHeartBeatTimeOut":15000,"instanceHeartBeatInterval":5000}]
2023-10-12 10:51:27.647 INFO  com.alibaba.nacos.common.remote.client            :63   [32m                  [0;39m [826d3004-6997-40ac-bea4-529cdce86547] Ack server push request, request = NotifySubscriberRequest, requestId = 14
2023-10-12 10:53:22.366 WARN  com.alibaba.nacos.common.notify.NotifyCenter      :136  [32m                  [0;39m [NotifyCenter] Start destroying Publisher
2023-10-12 10:53:22.366 WARN  c.alibaba.nacos.common.http.HttpClientBeanHolder  :102  [32m                  [0;39m [HttpClientBeanHolder] Start destroying common HttpClient
2023-10-12 10:53:22.367 WARN  com.alibaba.nacos.common.notify.NotifyCenter      :153  [32m                  [0;39m [NotifyCenter] Destruction of the end
2023-10-12 10:53:22.367 WARN  c.alibaba.nacos.common.http.HttpClientBeanHolder  :111  [32m                  [0;39m [HttpClientBeanHolder] Destruction of the end
2023-10-12 10:53:22.408 INFO  c.a.cloud.nacos.registry.NacosServiceRegistry     :95   [32m                  [0;39m De-registering from Nacos Server now...
2023-10-12 10:53:22.408 INFO  com.alibaba.nacos.client.naming                   :217  [32m                  [0;39m [DEREGISTER-SERVICE] dev deregistering service user-service with instance: Instance{instanceId='null', ip='10.22.242.102', port=8001, weight=1.0, healthy=true, enabled=true, ephemeral=true, clusterName='DEFAULT', serviceName='null', metadata={}}
2023-10-12 10:53:22.411 INFO  c.a.cloud.nacos.registry.NacosServiceRegistry     :115  [32m                  [0;39m De-registration finished.
2023-10-12 10:53:22.411 INFO  com.alibaba.nacos.client.naming                   :256  [32m                  [0;39m com.alibaba.nacos.client.naming.cache.ServiceInfoHolder do shutdown begin
2023-10-12 10:53:22.412 INFO  com.alibaba.nacos.client.naming                   :136  [32m                  [0;39m com.alibaba.nacos.client.naming.backups.FailoverReactor do shutdown begin
2023-10-12 10:53:22.412 INFO  com.alibaba.nacos.client.naming                   :138  [32m                  [0;39m com.alibaba.nacos.client.naming.backups.FailoverReactor do shutdown stop
2023-10-12 10:53:22.412 INFO  com.alibaba.nacos.client.naming                   :258  [32m                  [0;39m com.alibaba.nacos.client.naming.cache.ServiceInfoHolder do shutdown stop
2023-10-12 10:53:22.412 INFO  com.alibaba.nacos.client.naming                   :204  [32m                  [0;39m com.alibaba.nacos.client.naming.remote.NamingClientProxyDelegate do shutdown begin
2023-10-12 10:53:22.412 INFO  com.alibaba.nacos.client.naming                   :143  [32m                  [0;39m com.alibaba.nacos.client.naming.core.ServiceInfoUpdateService do shutdown begin
2023-10-12 10:53:22.412 INFO  com.alibaba.nacos.client.naming                   :145  [32m                  [0;39m com.alibaba.nacos.client.naming.core.ServiceInfoUpdateService do shutdown stop
2023-10-12 10:53:22.412 INFO  com.alibaba.nacos.client.naming                   :194  [32m                  [0;39m com.alibaba.nacos.client.naming.core.ServerListManager do shutdown begin
2023-10-12 10:53:22.412 WARN  com.alibaba.nacos.client.naming                   :74   [32m                  [0;39m [NamingHttpClientManager] Start destroying NacosRestTemplate
2023-10-12 10:53:22.413 WARN  com.alibaba.nacos.client.naming                   :81   [32m                  [0;39m [NamingHttpClientManager] Destruction of the end
2023-10-12 10:53:22.413 INFO  com.alibaba.nacos.client.naming                   :199  [32m                  [0;39m com.alibaba.nacos.client.naming.core.ServerListManager do shutdown stop
2023-10-12 10:53:22.413 INFO  com.alibaba.nacos.client.naming                   :484  [32m                  [0;39m com.alibaba.nacos.client.naming.remote.http.NamingHttpClientProxy do shutdown begin
2023-10-12 10:53:22.413 WARN  com.alibaba.nacos.client.naming                   :74   [32m                  [0;39m [NamingHttpClientManager] Start destroying NacosRestTemplate
2023-10-12 10:53:22.414 WARN  com.alibaba.nacos.client.naming                   :81   [32m                  [0;39m [NamingHttpClientManager] Destruction of the end
2023-10-12 10:53:22.415 INFO  com.alibaba.nacos.client.naming                   :486  [32m                  [0;39m com.alibaba.nacos.client.naming.remote.http.NamingHttpClientProxy do shutdown stop
2023-10-12 10:53:22.415 INFO  com.alibaba.nacos.common.remote.client            :429  [32m                  [0;39m Shutdown rpc client, set status to shutdown
2023-10-12 10:53:22.415 INFO  com.alibaba.nacos.common.remote.client            :431  [32m                  [0;39m Shutdown client event executor java.util.concurrent.ScheduledThreadPoolExecutor@36be5746[Running, pool size = 2, active threads = 2, queued tasks = 0, completed tasks = 0]
2023-10-12 10:53:22.415 INFO  com.alibaba.nacos.common.remote.client            :584  [32m                  [0;39m Close current connection 1697079086922_127.0.0.1_60699
2023-10-12 10:53:22.417 INFO  c.a.nacos.common.remote.client.grpc.GrpcClient    :63   [32m                  [0;39m [1697079086922_127.0.0.1_60699]Ignore complete event,isRunning:false,isAbandon=false
2023-10-12 10:53:22.418 INFO  c.a.nacos.common.remote.client.grpc.GrpcClient    :159  [32m                  [0;39m Shutdown grpc executor java.util.concurrent.ThreadPoolExecutor@3224c4c7[Running, pool size = 6, active threads = 0, queued tasks = 0, completed tasks = 46]
2023-10-12 10:53:22.419 INFO  com.alibaba.nacos.client.naming                   :318  [32m                  [0;39m Shutdown grpc redo service executor java.util.concurrent.ScheduledThreadPoolExecutor@53a291f9[Running, pool size = 1, active threads = 0, queued tasks = 1, completed tasks = 38]
2023-10-12 10:53:22.419 INFO  c.a.n.client.auth.ram.identify.CredentialWatcher  :106  [32m                  [0;39m [null] CredentialWatcher is stopped
2023-10-12 10:53:22.420 INFO  c.a.n.client.auth.ram.identify.CredentialService  :100  [32m                  [0;39m [null] CredentialService is freed
2023-10-12 10:53:22.420 INFO  com.alibaba.nacos.client.naming                   :211  [32m                  [0;39m com.alibaba.nacos.client.naming.remote.NamingClientProxyDelegate do shutdown stop
2023-10-12 10:58:31.533 WARN  com.alibaba.nacos.client.logging.NacosLogging     :64   [32m                  [0;39m Load Logback Configuration of Nacos fail, message: Could not initialize Logback Nacos logging from classpath:nacos-logback.xml
2023-10-12 10:58:31.539 INFO  org.hibernate.validator.internal.util.Version     :21   [32m                  [0;39m HV000001: Hibernate Validator 8.0.0.Final
2023-10-12 10:58:31.579 WARN  com.alibaba.nacos.client.logging.NacosLogging     :64   [32m                  [0;39m Load Logback Configuration of Nacos fail, message: Could not initialize Logback Nacos logging from classpath:nacos-logback.xml
2023-10-12 10:58:31.585 INFO  top.lxyi.share.user.config.UserApplication        :51   [32m                  [0;39m Starting UserApplication using Java 17.0.6 with PID 15300 (E:\2242-wei\share-api\share-user\target\classes started by 17161 in E:\2242-wei\share-api)
2023-10-12 10:58:31.586 INFO  top.lxyi.share.user.config.UserApplication        :630  [32m                  [0;39m No active profile set, falling back to 1 default profile: "default"
2023-10-12 10:58:32.219 INFO  o.springframework.cloud.context.scope.GenericScope:282  [32m                  [0;39m BeanFactory id=bc9b2903-0434-31af-9376-8c69f0e5e18e
2023-10-12 10:58:32.610 INFO  o.s.boot.web.embedded.tomcat.TomcatWebServer      :108  [32m                  [0;39m Tomcat initialized with port(s): 8001 (http)
2023-10-12 10:58:32.617 INFO  org.apache.coyote.http11.Http11NioProtocol        :173  [32m                  [0;39m Initializing ProtocolHandler ["http-nio-8001"]
2023-10-12 10:58:32.618 INFO  org.apache.catalina.core.StandardService          :173  [32m                  [0;39m Starting service [Tomcat]
2023-10-12 10:58:32.619 INFO  org.apache.catalina.core.StandardEngine           :173  [32m                  [0;39m Starting Servlet engine: [Apache Tomcat/10.1.5]
2023-10-12 10:58:32.697 INFO  o.a.c.core.ContainerBase.[Tomcat].[localhost].[/] :173  [32m                  [0;39m Initializing Spring embedded WebApplicationContext
2023-10-12 10:58:32.698 INFO  o.s.b.w.s.c.ServletWebServerApplicationContext    :291  [32m                  [0;39m Root WebApplicationContext: initialization completed in 1075 ms
2023-10-12 10:58:33.070 INFO  top.lxyi.share.common.aspect.LogAspect            :30   [32m                  [0;39m logAspect
2023-10-12 10:58:34.222 WARN  com.alibaba.nacos.client.logging.NacosLogging     :64   [32m                  [0;39m Load Logback Configuration of Nacos fail, message: Could not initialize Logback Nacos logging from classpath:nacos-logback.xml
2023-10-12 10:58:34.223 INFO  com.alibaba.nacos.client.naming                   :62   [32m                  [0;39m initializer namespace from ans.namespace attribute : null
2023-10-12 10:58:34.224 INFO  com.alibaba.nacos.client.naming                   :66   [32m                  [0;39m initializer namespace from ALIBABA_ALIWARE_NAMESPACE attribute :null
2023-10-12 10:58:34.224 INFO  com.alibaba.nacos.client.naming                   :73   [32m                  [0;39m initializer namespace from namespace attribute :null
2023-10-12 10:58:34.242 INFO  com.alibaba.nacos.client.utils.ParamUtil          :87   [32m                  [0;39m [settings] [req-serv] nacos-server port:8848
2023-10-12 10:58:34.243 INFO  com.alibaba.nacos.client.utils.ParamUtil          :98   [32m                  [0;39m [settings] [http-client] connect timeout:1000
2023-10-12 10:58:34.244 INFO  com.alibaba.nacos.client.utils.ParamUtil          :105  [32m                  [0;39m PER_TASK_CONFIG_SIZE: 3000.0
2023-10-12 10:58:34.249 INFO  c.a.n.p.auth.spi.client.ClientAuthPluginManager   :56   [32m                  [0;39m [ClientAuthPluginManager] Load ClientAuthService com.alibaba.nacos.client.auth.impl.NacosClientAuthServiceImpl success.
2023-10-12 10:58:34.249 INFO  c.a.n.p.auth.spi.client.ClientAuthPluginManager   :56   [32m                  [0;39m [ClientAuthPluginManager] Load ClientAuthService com.alibaba.nacos.client.auth.ram.RamClientAuthServiceImpl success.
2023-10-12 10:58:34.251 INFO  c.a.n.client.auth.ram.identify.CredentialWatcher  :165  [32m                  [0;39m null No credential found
2023-10-12 10:58:34.259 INFO  com.alibaba.nacos.common.remote.client            :108  [32m                  [0;39m [RpcClientFactory] create a new rpc client of beb5fa29-31c0-4f12-9e45-5276e4bc6758
2023-10-12 10:58:34.272 INFO  com.alibaba.nacos.common.remote.client            :63   [32m                  [0;39m [beb5fa29-31c0-4f12-9e45-5276e4bc6758] RpcClient init, ServerListFactory = com.alibaba.nacos.client.naming.core.ServerListManager
2023-10-12 10:58:34.272 INFO  com.alibaba.nacos.common.remote.client            :63   [32m                  [0;39m [beb5fa29-31c0-4f12-9e45-5276e4bc6758] Registry connection listener to current client:com.alibaba.nacos.client.naming.remote.gprc.redo.NamingGrpcRedoService
2023-10-12 10:58:34.272 INFO  com.alibaba.nacos.common.remote.client            :63   [32m                  [0;39m [beb5fa29-31c0-4f12-9e45-5276e4bc6758] Register server push request handler:com.alibaba.nacos.client.naming.remote.gprc.NamingPushRequestHandler
2023-10-12 10:58:34.273 INFO  com.alibaba.nacos.common.remote.client            :63   [32m                  [0;39m [beb5fa29-31c0-4f12-9e45-5276e4bc6758] Try to connect to server on start up, server: {serverIp = 'localhost', server main port = 8848}
2023-10-12 10:58:34.300 INFO  c.a.nacos.common.remote.client.grpc.GrpcClient    :182  [32m                  [0;39m grpc client connection server:localhost ip,serverPort:9848,grpcTslConfig:{"sslProvider":"OPENSSL","enableTls":false,"mutualAuthEnable":false,"trustAll":false}
2023-10-12 10:58:35.208 INFO  com.alibaba.nacos.common.remote.client            :63   [32m                  [0;39m [beb5fa29-31c0-4f12-9e45-5276e4bc6758] Success to connect to server [localhost:8848] on start up, connectionId = 1697079515025_127.0.0.1_58923
2023-10-12 10:58:35.208 INFO  com.alibaba.nacos.common.remote.client            :63   [32m                  [0;39m [beb5fa29-31c0-4f12-9e45-5276e4bc6758] Notify connected event to listeners.
2023-10-12 10:58:35.209 INFO  com.alibaba.nacos.common.remote.client            :63   [32m                  [0;39m [beb5fa29-31c0-4f12-9e45-5276e4bc6758] Register server push request handler:com.alibaba.nacos.common.remote.client.RpcClient$ConnectResetRequestHandler
2023-10-12 10:58:35.209 INFO  com.alibaba.nacos.client.naming                   :78   [32m                  [0;39m Grpc connection connect
2023-10-12 10:58:35.209 INFO  com.alibaba.nacos.common.remote.client            :63   [32m                  [0;39m [beb5fa29-31c0-4f12-9e45-5276e4bc6758] Register server push request handler:com.alibaba.nacos.common.remote.client.RpcClient$$Lambda$1001/0x00000008013211b8
2023-10-12 10:58:35.211 INFO  com.alibaba.nacos.client.naming                   :167  [32m                  [0;39m [SUBSCRIBE-SERVICE] service:user-service, group:myGroup, clusters:DEFAULT 
2023-10-12 10:58:35.232 INFO  com.alibaba.nacos.client.naming                   :184  [32m                  [0;39m init new ips(0) service: myGroup@@user-service@@DEFAULT -> []
2023-10-12 10:58:35.242 INFO  com.alibaba.nacos.client.naming                   :169  [32m                  [0;39m current ips:(0) service: myGroup@@user-service@@DEFAULT -> []
2023-10-12 10:58:35.245 INFO  org.apache.coyote.http11.Http11NioProtocol        :173  [32m                  [0;39m Starting ProtocolHandler ["http-nio-8001"]
2023-10-12 10:58:35.256 INFO  o.s.boot.web.embedded.tomcat.TomcatWebServer      :220  [32m                  [0;39m Tomcat started on port(s): 8001 (http) with context path ''
2023-10-12 10:58:35.258 INFO  com.alibaba.nacos.client.naming                   :121  [32m                  [0;39m [REGISTER-SERVICE] dev registering service user-service with instance Instance{instanceId='null', ip='10.22.242.102', port=8001, weight=1.0, healthy=true, enabled=true, ephemeral=true, clusterName='DEFAULT', serviceName='null', metadata={preserved.heart.beat.timeout=15000, preserved.register.source=SPRING_CLOUD, IPv6=null, myData=abc, preserved.heart.beat.interval=5000}}
2023-10-12 10:58:35.266 INFO  c.a.cloud.nacos.registry.NacosServiceRegistry     :76   [32m                  [0;39m nacos registry, myGroup user-service 10.22.242.102:8001 register finished
2023-10-12 10:58:35.480 INFO  top.lxyi.share.user.config.UserApplication        :57   [32m                  [0;39m Started UserApplication in 4.584 seconds (process running for 5.164)
2023-10-12 10:58:35.484 INFO  top.lxyi.share.user.config.UserApplication        :18   [32m                  [0;39m å¯åŠ¨æˆåŠŸï¼ï¼
2023-10-12 10:58:35.484 INFO  top.lxyi.share.user.config.UserApplication        :19   [32m                  [0;39m æµ‹è¯•åœ°å€ï¼šhttp://127.0.0.1:8001null/hello
2023-10-12 10:58:35.791 INFO  com.alibaba.nacos.common.remote.client            :63   [32m                  [0;39m [beb5fa29-31c0-4f12-9e45-5276e4bc6758] Receive server push request, request = NotifySubscriberRequest, requestId = 32
2023-10-12 10:58:35.793 INFO  com.alibaba.nacos.client.naming                   :235  [32m                  [0;39m new ips(1) service: myGroup@@user-service@@DEFAULT -> [{"ip":"10.22.242.102","port":8001,"weight":1.0,"healthy":true,"enabled":true,"ephemeral":true,"clusterName":"DEFAULT","serviceName":"myGroup@@user-service","metadata":{"preserved.heart.beat.timeout":"15000","preserved.register.source":"SPRING_CLOUD","myData":"abc","preserved.heart.beat.interval":"5000"},"ipDeleteTimeout":30000,"instanceHeartBeatTimeOut":15000,"instanceHeartBeatInterval":5000}]
2023-10-12 10:58:35.794 INFO  com.alibaba.nacos.client.naming                   :169  [32m                  [0;39m current ips:(1) service: myGroup@@user-service@@DEFAULT -> [{"ip":"10.22.242.102","port":8001,"weight":1.0,"healthy":true,"enabled":true,"ephemeral":true,"clusterName":"DEFAULT","serviceName":"myGroup@@user-service","metadata":{"preserved.heart.beat.timeout":"15000","preserved.register.source":"SPRING_CLOUD","myData":"abc","preserved.heart.beat.interval":"5000"},"ipDeleteTimeout":30000,"instanceHeartBeatTimeOut":15000,"instanceHeartBeatInterval":5000}]
2023-10-12 10:58:35.795 INFO  com.alibaba.nacos.common.remote.client            :63   [32m                  [0;39m [beb5fa29-31c0-4f12-9e45-5276e4bc6758] Ack server push request, request = NotifySubscriberRequest, requestId = 32
2023-10-12 10:58:45.622 INFO  o.a.c.core.ContainerBase.[Tomcat].[localhost].[/] :173  [32m                  [0;39m Initializing Spring DispatcherServlet 'dispatcherServlet'
2023-10-12 10:58:45.622 INFO  org.springframework.web.servlet.DispatcherServlet :532  [32m                  [0;39m Initializing Servlet 'dispatcherServlet'
2023-10-12 10:58:45.623 INFO  org.springframework.web.servlet.DispatcherServlet :554  [32m                  [0;39m Completed initialization in 1 ms
2023-10-12 10:58:45.715 INFO  top.lxyi.share.common.aspect.LogAspect            :48   [32m1697079525641opt  [0;39m -------å¼€å§‹-------
2023-10-12 10:58:45.716 INFO  top.lxyi.share.common.aspect.LogAspect            :49   [32m1697079525641opt  [0;39m è¯·æ±‚åœ°å€ï¼šhttp://10.22.242.102:8001/user/loginPOST
2023-10-12 10:58:45.717 INFO  top.lxyi.share.common.aspect.LogAspect            :50   [32m1697079525641opt  [0;39m ç±»åæ–¹æ³•ï¼štop.lxyi.share.user.controller.UserController.login
2023-10-12 10:58:45.717 INFO  top.lxyi.share.common.aspect.LogAspect            :51   [32m1697079525641opt  [0;39m è¿œç¨‹åœ°å€ï¼š10.22.242.102
2023-10-12 10:58:45.791 INFO  top.lxyi.share.common.aspect.LogAspect            :71   [32m1697079525641opt  [0;39m è¯·æ±‚å‚æ•°ï¼š[{}]
2023-10-12 10:58:45.875 INFO  com.zaxxer.hikari.HikariDataSource                :110  [32m1697079525641opt  [0;39m HikariPool-1 - Starting...
2023-10-12 10:58:46.253 INFO  com.zaxxer.hikari.pool.HikariPool                 :565  [32m1697079525641opt  [0;39m HikariPool-1 - Added connection com.mysql.cj.jdbc.ConnectionImpl@19610f37
2023-10-12 10:58:46.256 INFO  com.zaxxer.hikari.HikariDataSource                :123  [32m1697079525641opt  [0;39m HikariPool-1 - Start completed.
2023-10-12 10:58:46.265 DEBUG top.lxyi.share.user.mapper.UserMapper.selectList  :135  [32m1697079525641opt  [0;39m ==>  Preparing: SELECT id,phone,password,nickname,roles,avatar_url,bonus,create_time,update_time FROM user WHERE (phone = ?)
2023-10-12 10:58:46.292 DEBUG top.lxyi.share.user.mapper.UserMapper.selectList  :135  [32m1697079525641opt  [0;39m ==> Parameters: 13951905171(String)
2023-10-12 10:58:46.322 DEBUG top.lxyi.share.user.mapper.UserMapper.selectList  :135  [32m1697079525641opt  [0;39m <==      Total: 1
2023-10-12 10:58:46.378 INFO  top.lxyi.share.common.util.JwtUtil                :41   [32m1697079525641opt  [0;39m ç”Ÿæˆ JWT tokenï¼šeyJ0eXAiOiJKV1QiLCJhbGciOiJIUzI1NiJ9.eyJuYmYiOjE2OTcwNzk1MjYsInBob25lIjoiMTM5NTE5MDUxNzEiLCJpZCI6MSwiZXhwIjoxNjk3MjUyMzI2LCJpYXQiOjE2OTcwNzk1MjZ9._g64J2tbXlZgbkPU_3W74mP5ePsLd5xMWGU3nfYEnXI
2023-10-12 10:58:46.388 INFO  top.lxyi.share.common.aspect.LogAspect            :82   [32m1697079525641opt  [0;39m è¿”å›žç»“æžœï¼š{"data":{"token":"eyJ0eXAiOiJKV1QiLCJhbGciOiJIUzI1NiJ9.eyJuYmYiOjE2OTcwNzk1MjYsInBob25lIjoiMTM5NTE5MDUxNzEiLCJpZCI6MSwiZXhwIjoxNjk3MjUyMzI2LCJpYXQiOjE2OTcwNzk1MjZ9._g64J2tbXlZgbkPU_3W74mP5ePsLd5xMWGU3nfYEnXI","user":{"avatarUrl":"https://i2.100024.xyz/2023/01/26/3e727b.webp","bonus":620,"createTime":1694838230000,"id":1,"nickname":"mqxu","roles":"admin","updateTime":1694852630000}},"success":true}
2023-10-12 10:58:46.389 INFO  top.lxyi.share.common.aspect.LogAspect            :83   [32m1697079525641opt  [0;39m -------------ç»“æŸè€—æ—¶ï¼š675ms -----
2023-10-12 10:58:57.252 INFO  top.lxyi.share.common.aspect.LogAspect            :48   [32m16970795372508z6  [0;39m -------å¼€å§‹-------
2023-10-12 10:58:57.252 INFO  top.lxyi.share.common.aspect.LogAspect            :49   [32m16970795372508z6  [0;39m è¯·æ±‚åœ°å€ï¼šhttp://10.22.242.102:8001/user/2GET
2023-10-12 10:58:57.252 INFO  top.lxyi.share.common.aspect.LogAspect            :50   [32m16970795372508z6  [0;39m ç±»åæ–¹æ³•ï¼štop.lxyi.share.user.controller.UserController.getUserById
2023-10-12 10:58:57.253 INFO  top.lxyi.share.common.aspect.LogAspect            :51   [32m16970795372508z6  [0;39m è¿œç¨‹åœ°å€ï¼š10.22.242.102
2023-10-12 10:58:57.253 INFO  top.lxyi.share.common.aspect.LogAspect            :71   [32m16970795372508z6  [0;39m è¯·æ±‚å‚æ•°ï¼š[2]
2023-10-12 10:58:57.254 DEBUG top.lxyi.share.user.mapper.UserMapper.selectById  :135  [32m16970795372508z6  [0;39m ==>  Preparing: SELECT id,phone,password,nickname,roles,avatar_url,bonus,create_time,update_time FROM user WHERE id=?
2023-10-12 10:58:57.255 DEBUG top.lxyi.share.user.mapper.UserMapper.selectById  :135  [32m16970795372508z6  [0;39m ==> Parameters: 2(Long)
2023-10-12 10:58:57.257 DEBUG top.lxyi.share.user.mapper.UserMapper.selectById  :135  [32m16970795372508z6  [0;39m <==      Total: 1
2023-10-12 10:58:57.257 INFO  top.lxyi.share.common.aspect.LogAspect            :82   [32m16970795372508z6  [0;39m è¿”å›žç»“æžœï¼š{"data":{"avatarUrl":"https://i2.100024.xyz/2023/01/26/3exzjl.webp","bonus":350,"createTime":1695004731000,"id":2,"nickname":"InfinityX7","roles":"user","updateTime":1695011931000},"success":true}
2023-10-12 10:58:57.258 INFO  top.lxyi.share.common.aspect.LogAspect            :83   [32m16970795372508z6  [0;39m -------------ç»“æŸè€—æ—¶ï¼š6ms -----
